2024-02-09 17:53:18,192 - root - INFO - Sequential epoch:10 dataset:imagenet MAP:[0.8315408212010752, 0.8779122649180592, 0.888100273024809] Best MAP: [0.83154082 0.87791226 0.88810027]
2024-02-09 18:17:02,115 - root - INFO - Sequential epoch:20 dataset:imagenet MAP:[0.8417141317241827, 0.8794113763113519, 0.8889783234592121] Best MAP: [0.84171413 0.87941138 0.88897832]
2024-02-09 18:42:10,440 - root - INFO - Sequential epoch:30 dataset:imagenet MAP:[0.8411244225311905, 0.8758550437915575, 0.8814280206819196] Best MAP: [0.84171413 0.87941138 0.88897832]
2024-02-09 19:07:31,563 - root - INFO - Sequential epoch:40 dataset:imagenet MAP:[0.8392227127595703, 0.8688811813150833, 0.8779835896790077] Best MAP: [0.84171413 0.87941138 0.88897832]
2024-02-09 19:33:11,718 - root - INFO - Sequential epoch:50 dataset:imagenet MAP:[0.8339112488304465, 0.8645450221993289, 0.8725822619605406] Best MAP: [0.84171413 0.87941138 0.88897832]
2024-02-09 19:59:09,242 - root - INFO - Sequential epoch:60 dataset:imagenet MAP:[0.8324694288763455, 0.8619507971995205, 0.8707672627509019] Best MAP: [0.84171413 0.87941138 0.88897832]
2024-02-13 11:18:32,523 - root - INFO - Sequential epoch:5 h_weight:tensor([1.0000, 0.5000, 0.1000], device='cuda:0') dataset:imagenet MAP:[0.7995207217869451, 0.8372852093657847, 0.8428052551193805] Best MAP: [0.79952072 0.83728521 0.84280526]
2024-02-13 11:33:30,856 - root - INFO - Sequential epoch:10 h_weight:tensor([1.0000, 0.5000, 0.1000], device='cuda:0') dataset:imagenet MAP:[0.8414366230870554, 0.8716946933766332, 0.8839183607281189] Best MAP: [0.84143662 0.87169469 0.88391836]
2024-02-13 11:49:58,710 - root - INFO - Sequential epoch:15 h_weight:tensor([1.0000, 0.5000, 0.1000], device='cuda:0') dataset:imagenet MAP:[0.8472865430918061, 0.8797690785450354, 0.890537504693241] Best MAP: [0.84728654 0.87976908 0.8905375 ]
2024-02-13 12:05:47,949 - root - INFO - Sequential epoch:20 h_weight:tensor([1.0000, 0.5000, 0.1000], device='cuda:0') dataset:imagenet MAP:[0.8524277537047906, 0.8812559561627044, 0.8917321030945788] Best MAP: [0.85242775 0.88125596 0.8917321 ]
2024-02-13 12:20:35,218 - root - INFO - Sequential epoch:25 h_weight:tensor([1.0000, 0.5000, 0.1000], device='cuda:0') dataset:imagenet MAP:[0.851204088461392, 0.8804745573702194, 0.8932767231910164] Best MAP: [0.85242775 0.88125596 0.89327672]
2024-02-13 12:35:25,163 - root - INFO - Sequential epoch:30 h_weight:tensor([1.0000, 0.5000, 0.1000], device='cuda:0') dataset:imagenet MAP:[0.847487579409114, 0.8739692927509184, 0.88605777271825] Best MAP: [0.85242775 0.88125596 0.89327672]
2024-02-13 12:50:28,635 - root - INFO - Sequential epoch:35 h_weight:tensor([1.0000, 0.5000, 0.1000], device='cuda:0') dataset:imagenet MAP:[0.8463495556005022, 0.8751931366675515, 0.8852113690615033] Best MAP: [0.85242775 0.88125596 0.89327672]
2024-02-13 13:05:24,213 - root - INFO - Sequential epoch:40 h_weight:tensor([1.0000, 0.5000, 0.1000], device='cuda:0') dataset:imagenet MAP:[0.8479946364595035, 0.8721563518393405, 0.8844997528924032] Best MAP: [0.85242775 0.88125596 0.89327672]
2024-02-13 13:20:31,569 - root - INFO - Sequential epoch:45 h_weight:tensor([1.0000, 0.5000, 0.1000], device='cuda:0') dataset:imagenet MAP:[0.8436082182291957, 0.8691396816276414, 0.8818126505552991] Best MAP: [0.85242775 0.88125596 0.89327672]
2024-02-13 22:01:01,511 - root - INFO - Sequential epoch:5 h_weight:tensor([0.7000, 0.5000, 0.3000], device='cuda:0') dataset:imagenet MAP:[0.7964525936411055, 0.8326053559704546, 0.8554657199463785] Best MAP: [0.79645259 0.83260536 0.85546572]
2024-02-13 22:16:08,242 - root - INFO - Sequential epoch:10 h_weight:tensor([0.7000, 0.5000, 0.3000], device='cuda:0') dataset:imagenet MAP:[0.8351549912996957, 0.8657986776290043, 0.8847919524671817] Best MAP: [0.83515499 0.86579868 0.88479195]
2024-02-13 22:32:27,954 - root - INFO - Sequential epoch:15 h_weight:tensor([0.7000, 0.5000, 0.3000], device='cuda:0') dataset:imagenet MAP:[0.8448272647220765, 0.871878240283884, 0.8876319891620411] Best MAP: [0.84482726 0.87187824 0.88763199]
2024-02-13 22:47:20,834 - root - INFO - Sequential epoch:20 h_weight:tensor([0.7000, 0.5000, 0.3000], device='cuda:0') dataset:imagenet MAP:[0.8476888772612294, 0.8719083718875034, 0.8852585387541281] Best MAP: [0.84768888 0.87190837 0.88763199]
2024-02-13 23:03:44,632 - root - INFO - Sequential epoch:25 h_weight:tensor([0.7000, 0.5000, 0.3000], device='cuda:0') dataset:imagenet MAP:[0.8475159795493182, 0.8716133437280392, 0.884516582556388] Best MAP: [0.84768888 0.87190837 0.88763199]
2024-02-13 23:18:40,758 - root - INFO - Sequential epoch:30 h_weight:tensor([0.7000, 0.5000, 0.3000], device='cuda:0') dataset:imagenet MAP:[0.8475674359927289, 0.8672878421085894, 0.88039607483901] Best MAP: [0.84768888 0.87190837 0.88763199]
2024-02-13 23:34:14,099 - root - INFO - Sequential epoch:35 h_weight:tensor([0.7000, 0.5000, 0.3000], device='cuda:0') dataset:imagenet MAP:[0.8492022950929388, 0.8686377857642232, 0.879877273009135] Best MAP: [0.8492023  0.87190837 0.88763199]
2024-02-13 23:49:39,902 - root - INFO - Sequential epoch:40 h_weight:tensor([0.7000, 0.5000, 0.3000], device='cuda:0') dataset:imagenet MAP:[0.8441567476996291, 0.8653553876109505, 0.8777379355658835] Best MAP: [0.8492023  0.87190837 0.88763199]
2024-02-14 00:04:37,521 - root - INFO - Sequential epoch:45 h_weight:tensor([0.7000, 0.5000, 0.3000], device='cuda:0') dataset:imagenet MAP:[0.8446297752595785, 0.8654983752611559, 0.8778890900566945] Best MAP: [0.8492023  0.87190837 0.88763199]
2024-02-14 00:20:32,931 - root - INFO - Sequential epoch:50 h_weight:tensor([0.7000, 0.5000, 0.3000], device='cuda:0') dataset:imagenet MAP:[0.8401618182976288, 0.8617692092815913, 0.8746258927259923] Best MAP: [0.8492023  0.87190837 0.88763199]
2024-02-14 00:35:27,802 - root - INFO - Sequential epoch:55 h_weight:tensor([0.7000, 0.5000, 0.3000], device='cuda:0') dataset:imagenet MAP:[0.8405451642265951, 0.8615533173920927, 0.8707405536270771] Best MAP: [0.8492023  0.87190837 0.88763199]
2024-02-14 02:41:24,037 - root - INFO - Sequential epoch:5 h_weight:tensor([2.0000, 0.5000, 0.0500], device='cuda:1') dataset:imagenet MAP:[0.788913287766083, 0.8099288589374881, 0.829435121005007] Best MAP: [0.78891329 0.80992886 0.82943512]
2024-02-14 03:04:01,954 - root - INFO - Sequential epoch:10 h_weight:tensor([2.0000, 0.5000, 0.0500], device='cuda:1') dataset:imagenet MAP:[0.8298078520337377, 0.8642138121793361, 0.8797047433757039] Best MAP: [0.82980785 0.86421381 0.87970474]
2024-02-14 03:26:38,397 - root - INFO - Sequential epoch:15 h_weight:tensor([2.0000, 0.5000, 0.0500], device='cuda:1') dataset:imagenet MAP:[0.8419770381838262, 0.8760281356872809, 0.8896271787910695] Best MAP: [0.84197704 0.87602814 0.88962718]
2024-02-14 03:51:19,670 - root - INFO - Sequential epoch:20 h_weight:tensor([2.0000, 0.5000, 0.0500], device='cuda:1') dataset:imagenet MAP:[0.8487315582508221, 0.8814117458977673, 0.8934649602327785] Best MAP: [0.84873156 0.88141175 0.89346496]
2024-02-14 04:15:50,387 - root - INFO - Sequential epoch:25 h_weight:tensor([2.0000, 0.5000, 0.0500], device='cuda:1') dataset:imagenet MAP:[0.8481521337064906, 0.8812304543316013, 0.8925154088685476] Best MAP: [0.84873156 0.88141175 0.89346496]
2024-02-14 04:40:32,253 - root - INFO - Sequential epoch:30 h_weight:tensor([2.0000, 0.5000, 0.0500], device='cuda:1') dataset:imagenet MAP:[0.8528343196309889, 0.8820031614965866, 0.8921547722280405] Best MAP: [0.85283432 0.88200316 0.89346496]
2024-02-14 05:02:24,129 - root - INFO - Sequential epoch:35 h_weight:tensor([2.0000, 0.5000, 0.0500], device='cuda:1') dataset:imagenet MAP:[0.8507864197512941, 0.8812533005515046, 0.8901392862253306] Best MAP: [0.85283432 0.88200316 0.89346496]
2024-02-14 05:23:45,486 - root - INFO - Sequential epoch:40 h_weight:tensor([2.0000, 0.5000, 0.0500], device='cuda:1') dataset:imagenet MAP:[0.8450767315156184, 0.8767818424479547, 0.888529022363723] Best MAP: [0.85283432 0.88200316 0.89346496]
2024-02-14 05:45:03,712 - root - INFO - Sequential epoch:45 h_weight:tensor([2.0000, 0.5000, 0.0500], device='cuda:1') dataset:imagenet MAP:[0.8513206310448966, 0.8762465478989939, 0.8885879111281736] Best MAP: [0.85283432 0.88200316 0.89346496]
2024-02-14 06:06:42,781 - root - INFO - Sequential epoch:50 h_weight:tensor([2.0000, 0.5000, 0.0500], device='cuda:1') dataset:imagenet MAP:[0.848734516424705, 0.8745987324053017, 0.884760465938403] Best MAP: [0.85283432 0.88200316 0.89346496]
2024-02-14 09:55:35,141 - root - INFO - Sequential epoch:5 h_weight:tensor([0.6000, 0.5000, 0.4000], device='cuda:0') dataset:imagenet MAP:[0.7874569500261352, 0.8399064805731105, 0.8590103010347492] Best MAP: [0.78745695 0.83990648 0.8590103 ]
2024-02-14 10:10:56,748 - root - INFO - Sequential epoch:10 h_weight:tensor([0.6000, 0.5000, 0.4000], device='cuda:0') dataset:imagenet MAP:[0.8381933336286511, 0.8733426332444943, 0.8854956544518277] Best MAP: [0.83819333 0.87334263 0.88549565]
2024-02-14 10:25:48,700 - root - INFO - Sequential epoch:15 h_weight:tensor([0.6000, 0.5000, 0.4000], device='cuda:0') dataset:imagenet MAP:[0.8464828580831909, 0.8760371888561025, 0.8898318435246443] Best MAP: [0.84648286 0.87603719 0.88983184]
2024-02-14 10:42:24,862 - root - INFO - Sequential epoch:20 h_weight:tensor([0.6000, 0.5000, 0.4000], device='cuda:0') dataset:imagenet MAP:[0.8526536619551421, 0.8799790925191684, 0.8893989705112719] Best MAP: [0.85265366 0.87997909 0.88983184]
2024-02-14 10:58:56,832 - root - INFO - Sequential epoch:25 h_weight:tensor([0.6000, 0.5000, 0.4000], device='cuda:0') dataset:imagenet MAP:[0.8518966774810685, 0.875491126988575, 0.8893865161413698] Best MAP: [0.85265366 0.87997909 0.88983184]
2024-02-14 11:15:37,514 - root - INFO - Sequential epoch:30 h_weight:tensor([0.6000, 0.5000, 0.4000], device='cuda:0') dataset:imagenet MAP:[0.847254841533753, 0.8723898225035911, 0.8845928803796991] Best MAP: [0.85265366 0.87997909 0.88983184]
2024-02-14 11:32:25,834 - root - INFO - Sequential epoch:35 h_weight:tensor([0.6000, 0.5000, 0.4000], device='cuda:0') dataset:imagenet MAP:[0.8470386346694894, 0.8724154182150334, 0.8835454521106225] Best MAP: [0.85265366 0.87997909 0.88983184]
2024-02-14 11:49:12,541 - root - INFO - Sequential epoch:40 h_weight:tensor([0.6000, 0.5000, 0.4000], device='cuda:0') dataset:imagenet MAP:[0.8469432968678002, 0.8706018168396107, 0.8789108858973917] Best MAP: [0.85265366 0.87997909 0.88983184]
2024-02-14 20:55:37,302 - root - INFO - Sequential epoch:5 h_weight:tensor([3.0000, 0.5000, 0.0300], device='cuda:1') dataset:imagenet MAP:[0.7875043101216358, 0.7901590142023001, 0.8257526408085747] Best MAP: [0.78750431 0.79015901 0.82575264]
2024-02-14 21:16:33,187 - root - INFO - Sequential epoch:10 h_weight:tensor([3.0000, 0.5000, 0.0300], device='cuda:1') dataset:imagenet MAP:[0.8303234998526621, 0.8566654171864684, 0.8776084971806708] Best MAP: [0.8303235  0.85666542 0.8776085 ]
2024-02-14 21:37:58,664 - root - INFO - Sequential epoch:15 h_weight:tensor([3.0000, 0.5000, 0.0300], device='cuda:1') dataset:imagenet MAP:[0.8426738207084323, 0.8725680803111098, 0.886882057957683] Best MAP: [0.84267382 0.87256808 0.88688206]
2024-02-14 21:58:57,767 - root - INFO - Sequential epoch:20 h_weight:tensor([3.0000, 0.5000, 0.0300], device='cuda:1') dataset:imagenet MAP:[0.8464618757339667, 0.8758463253109561, 0.8903400019657011] Best MAP: [0.84646188 0.87584633 0.89034   ]
2024-02-14 22:19:33,579 - root - INFO - Sequential epoch:25 h_weight:tensor([3.0000, 0.5000, 0.0300], device='cuda:1') dataset:imagenet MAP:[0.8471454443277259, 0.879025708512075, 0.8884442938656525] Best MAP: [0.84714544 0.87902571 0.89034   ]
2024-02-14 22:40:01,977 - root - INFO - Sequential epoch:30 h_weight:tensor([3.0000, 0.5000, 0.0300], device='cuda:1') dataset:imagenet MAP:[0.8485910169760953, 0.8756829542085254, 0.8897423812684694] Best MAP: [0.84859102 0.87902571 0.89034   ]
2024-02-14 23:00:27,064 - root - INFO - Sequential epoch:35 h_weight:tensor([3.0000, 0.5000, 0.0300], device='cuda:1') dataset:imagenet MAP:[0.8504496889461951, 0.8765108821149288, 0.8863914256848914] Best MAP: [0.85044969 0.87902571 0.89034   ]
2024-02-14 23:20:42,298 - root - INFO - Sequential epoch:40 h_weight:tensor([3.0000, 0.5000, 0.0300], device='cuda:1') dataset:imagenet MAP:[0.8490091906491365, 0.8727820179286883, 0.8848282447730095] Best MAP: [0.85044969 0.87902571 0.89034   ]
2024-02-14 23:41:06,098 - root - INFO - Sequential epoch:45 h_weight:tensor([3.0000, 0.5000, 0.0300], device='cuda:1') dataset:imagenet MAP:[0.8482005049661502, 0.875552799673825, 0.8851794522436983] Best MAP: [0.85044969 0.87902571 0.89034   ]
2024-02-15 00:01:24,815 - root - INFO - Sequential epoch:50 h_weight:tensor([3.0000, 0.5000, 0.0300], device='cuda:1') dataset:imagenet MAP:[0.8489319826799218, 0.8731737156934314, 0.8829446296966955] Best MAP: [0.85044969 0.87902571 0.89034   ]
2024-02-15 00:21:54,854 - root - INFO - Sequential epoch:55 h_weight:tensor([3.0000, 0.5000, 0.0300], device='cuda:1') dataset:imagenet MAP:[0.8459568131345843, 0.8656866869207309, 0.8804590554346771] Best MAP: [0.85044969 0.87902571 0.89034   ]
2024-02-15 13:56:45,251 - root - INFO - Sequential epoch:5 h_weight:tensor([5.0000, 0.5000, 0.0100], device='cuda:1') dataset:imagenet MAP:[0.7916518820321168, 0.7725468770339072, 0.8182943755018368] Best MAP: [0.79165188 0.77254688 0.81829438]
2024-02-15 14:20:36,441 - root - INFO - Sequential epoch:10 h_weight:tensor([5.0000, 0.5000, 0.0100], device='cuda:1') dataset:imagenet MAP:[0.8310374024691951, 0.8486368355268303, 0.8742847319368986] Best MAP: [0.8310374  0.84863684 0.87428473]
2024-02-15 14:46:08,424 - root - INFO - Sequential epoch:15 h_weight:tensor([5.0000, 0.5000, 0.0100], device='cuda:1') dataset:imagenet MAP:[0.8464728589490551, 0.8702668318926053, 0.8867364329046699] Best MAP: [0.84647286 0.87026683 0.88673643]
2024-02-15 15:13:24,929 - root - INFO - Sequential epoch:20 h_weight:tensor([5.0000, 0.5000, 0.0100], device='cuda:1') dataset:imagenet MAP:[0.8507831729961592, 0.8777493927813168, 0.8912735028669883] Best MAP: [0.85078317 0.87774939 0.8912735 ]
2024-02-15 15:39:27,447 - root - INFO - Sequential epoch:25 h_weight:tensor([5.0000, 0.5000, 0.0100], device='cuda:1') dataset:imagenet MAP:[0.8538335995107289, 0.8803768803449635, 0.8937889206298997] Best MAP: [0.8538336  0.88037688 0.89378892]
2024-02-15 16:04:12,222 - root - INFO - Sequential epoch:30 h_weight:tensor([5.0000, 0.5000, 0.0100], device='cuda:1') dataset:imagenet MAP:[0.8504858888154626, 0.8809443266123559, 0.8910808176898231] Best MAP: [0.8538336  0.88094433 0.89378892]
2024-02-15 16:28:37,146 - root - INFO - Sequential epoch:35 h_weight:tensor([5.0000, 0.5000, 0.0100], device='cuda:1') dataset:imagenet MAP:[0.8516901899975006, 0.8797117917443966, 0.8900489220497768] Best MAP: [0.8538336  0.88094433 0.89378892]
2024-02-15 16:54:20,211 - root - INFO - Sequential epoch:40 h_weight:tensor([5.0000, 0.5000, 0.0100], device='cuda:1') dataset:imagenet MAP:[0.8489805192695625, 0.8755452594339193, 0.8884376320604442] Best MAP: [0.8538336  0.88094433 0.89378892]
2024-02-15 17:19:54,306 - root - INFO - Sequential epoch:45 h_weight:tensor([5.0000, 0.5000, 0.0100], device='cuda:1') dataset:imagenet MAP:[0.8485201592226853, 0.8769013206366774, 0.8895113124085927] Best MAP: [0.8538336  0.88094433 0.89378892]
2024-02-15 17:40:06,820 - root - INFO - Sequential epoch:50 h_weight:tensor([5.0000, 0.5000, 0.0100], device='cuda:1') dataset:imagenet MAP:[0.8482406388372971, 0.8772096833721361, 0.888502079561045] Best MAP: [0.8538336  0.88094433 0.89378892]
