2024-03-11 16:05:41,869 - root - INFO - Sequential epoch:4 h_weight:tensor([2.0000, 1.5000, 1.0000], device='cuda:0') dataset:cifar10 MAP:[0.6085591936558485, 0.7151577730886638, 0.7766293751113117, 0.795888428427279, 0.8076752521693706] Best MAP: [0.60855919 0.71515777 0.77662938 0.79588843 0.80767525]
2024-03-11 16:07:04,059 - root - INFO - Sequential epoch:8 h_weight:tensor([2.0000, 1.5000, 1.0000], device='cuda:0') dataset:cifar10 MAP:[0.6359487891718745, 0.7371310672163963, 0.7865775664448738, 0.7978349653817713, 0.8050704584494233] Best MAP: [0.63594879 0.73713107 0.78657757 0.79783497 0.80767525]
2024-03-11 16:08:26,352 - root - INFO - Sequential epoch:12 h_weight:tensor([2.0000, 1.5000, 1.0000], device='cuda:0') dataset:cifar10 MAP:[0.6400984464026988, 0.7342820355258882, 0.7757558358684182, 0.7843235680609941, 0.789571463264525] Best MAP: [0.64009845 0.73713107 0.78657757 0.79783497 0.80767525]
2024-03-11 16:09:47,083 - root - INFO - Sequential epoch:16 h_weight:tensor([2.0000, 1.5000, 1.0000], device='cuda:0') dataset:cifar10 MAP:[0.6340675123482943, 0.7412528872229159, 0.7824483307525516, 0.7876649102419615, 0.7922761467657984] Best MAP: [0.64009845 0.74125289 0.78657757 0.79783497 0.80767525]
2024-03-11 16:11:08,310 - root - INFO - Sequential epoch:20 h_weight:tensor([2.0000, 1.5000, 1.0000], device='cuda:0') dataset:cifar10 MAP:[0.6318083123825491, 0.737769466664642, 0.7800992521308362, 0.7843917021490634, 0.7886850917451084] Best MAP: [0.64009845 0.74125289 0.78657757 0.79783497 0.80767525]
2024-03-11 16:12:30,418 - root - INFO - Sequential epoch:24 h_weight:tensor([2.0000, 1.5000, 1.0000], device='cuda:0') dataset:cifar10 MAP:[0.6192418454550207, 0.7233736697994173, 0.7648490338847042, 0.7706931703910231, 0.7731388120129704] Best MAP: [0.64009845 0.74125289 0.78657757 0.79783497 0.80767525]
2024-03-11 16:15:19,411 - root - INFO - Sequential epoch:4 dataset:cifar10 MAP:[0.6294307669810951, 0.7419953710697591, 0.7927452056556941, 0.8048062719590962, 0.8156632799990475] Best MAP: [0.62943077 0.74199537 0.79274521 0.80480627 0.81566328]
2024-03-11 16:16:40,933 - root - INFO - Sequential epoch:8 dataset:cifar10 MAP:[0.6476017871983349, 0.7594188248440623, 0.8113611483871936, 0.8219321017339826, 0.830222607087344] Best MAP: [0.64760179 0.75941882 0.81136115 0.8219321  0.83022261]
2024-03-11 16:18:02,204 - root - INFO - Sequential epoch:12 dataset:cifar10 MAP:[0.6266272767409682, 0.7372739899605513, 0.7804782746620477, 0.7889385779723525, 0.7939962490983308] Best MAP: [0.64760179 0.75941882 0.81136115 0.8219321  0.83022261]
2024-03-11 16:20:02,198 - root - INFO - Sequential epoch:4 dataset:cifar10 MAP:[0.6269413318634033, 0.7360392908006906, 0.7935083580873906, 0.8126823462024331, 0.8245266224108636] Best MAP: [0.62694133 0.73603929 0.79350836 0.81268235 0.82452662]
2024-03-11 16:22:17,084 - root - INFO - Sequential epoch:4 dataset:cifar10 MAP:[0.6229218078702689, 0.738589405644685, 0.795281500082463, 0.8127002531141043, 0.8255900721251964] Best MAP: [0.62292181 0.73858941 0.7952815  0.81270025 0.82559007]
2024-03-11 16:23:38,370 - root - INFO - Sequential epoch:8 dataset:cifar10 MAP:[0.6407059964314104, 0.7578124296590686, 0.8017947292625904, 0.8136571727059781, 0.8222687964700163] Best MAP: [0.640706   0.75781243 0.80179473 0.81365717 0.82559007]
2024-03-11 16:24:59,021 - root - INFO - Sequential epoch:12 dataset:cifar10 MAP:[0.6447670899927617, 0.7575560380220413, 0.8016991553939878, 0.8082667765915393, 0.8130609618909657] Best MAP: [0.64476709 0.75781243 0.80179473 0.81365717 0.82559007]
2024-03-11 16:27:16,542 - root - INFO - Sequential epoch:4 dataset:cifar10 MAP:[0.6286445633471012, 0.7435348339527845, 0.8016276137977838, 0.8207668364159763, 0.8289669613093138] Best MAP: [0.62864456 0.74353483 0.80162761 0.82076684 0.82896696]
2024-03-11 16:33:57,904 - root - INFO - Sequential epoch:4 dataset:cifar10 MAP:[0.6355606574118138, 0.7369317914955318, 0.7958572292402387, 0.8165195213891566, 0.8291744616851211] Best MAP: [0.63556066 0.73693179 0.79585723 0.81651952 0.82917446]
2024-03-11 16:35:19,206 - root - INFO - Sequential epoch:8 dataset:cifar10 MAP:[0.6746778204068542, 0.7588088007643818, 0.7990275612734258, 0.8092838114611804, 0.8171137836948037] Best MAP: [0.67467782 0.7588088  0.79902756 0.81651952 0.82917446]
2024-03-11 16:36:40,527 - root - INFO - Sequential epoch:12 dataset:cifar10 MAP:[0.6796456003300846, 0.7679280860573053, 0.8022409305125475, 0.809859988566488, 0.8158585258647799] Best MAP: [0.6796456  0.76792809 0.80224093 0.81651952 0.82917446]
2024-03-11 16:38:02,961 - root - INFO - Sequential epoch:16 dataset:cifar10 MAP:[0.6909469201974571, 0.7605804606191814, 0.796074443358928, 0.8010581562556326, 0.8059123364649713] Best MAP: [0.69094692 0.76792809 0.80224093 0.81651952 0.82917446]
2024-03-11 16:39:24,338 - root - INFO - Sequential epoch:20 dataset:cifar10 MAP:[0.6696882758289575, 0.7433750007525086, 0.7847932882383466, 0.7897416246049106, 0.7941167798861861] Best MAP: [0.69094692 0.76792809 0.80224093 0.81651952 0.82917446]
2024-03-11 16:42:48,224 - root - INFO - Sequential epoch:4 dataset:cifar10 MAP:[0.6163880344517529, 0.7170277897007763, 0.7723846400044858, 0.7865284589417278, 0.7964713911563158] Best MAP: [0.61638803 0.71702779 0.77238464 0.78652846 0.79647139]
2024-03-11 16:44:10,558 - root - INFO - Sequential epoch:8 dataset:cifar10 MAP:[0.6640996196679771, 0.7506356399767101, 0.7954227078296244, 0.8043136394955218, 0.8113012606054545] Best MAP: [0.66409962 0.75063564 0.79542271 0.80431364 0.81130126]
2024-03-11 16:45:33,434 - root - INFO - Sequential epoch:12 dataset:cifar10 MAP:[0.6569415715523064, 0.7412138592004776, 0.7841392025388777, 0.7903556526191533, 0.796301262229681] Best MAP: [0.66409962 0.75063564 0.79542271 0.80431364 0.81130126]
2024-03-11 16:46:55,912 - root - INFO - Sequential epoch:16 dataset:cifar10 MAP:[0.6566112374998629, 0.7453062408603728, 0.7879274527579546, 0.7954835061654448, 0.7991133024953305] Best MAP: [0.66409962 0.75063564 0.79542271 0.80431364 0.81130126]
2024-03-11 16:52:48,098 - root - INFO - Sequential epoch:4 dataset:cifar10 MAP:[0.6609352772571147, 0.7488012042865158, 0.8039319088347257, 0.8189533068537712, 0.8287335092201829] Best MAP: [0.66093528 0.7488012  0.80393191 0.81895331 0.82873351]
2024-03-11 16:54:10,681 - root - INFO - Sequential epoch:8 dataset:cifar10 MAP:[0.6742102366648615, 0.7633162003643811, 0.8105888389386237, 0.8202391028031707, 0.8287406130507589] Best MAP: [0.67421024 0.7633162  0.81058884 0.8202391  0.82874061]
2024-03-11 16:55:33,332 - root - INFO - Sequential epoch:12 dataset:cifar10 MAP:[0.6903598208986222, 0.7703000488504768, 0.8116757084280253, 0.816227698598057, 0.8187817131839693] Best MAP: [0.69035982 0.77030005 0.81167571 0.8202391  0.82874061]
2024-03-11 16:56:56,563 - root - INFO - Sequential epoch:16 dataset:cifar10 MAP:[0.6816912517137825, 0.7619014423675835, 0.8047915232107044, 0.8102576262839138, 0.8139410151392221] Best MAP: [0.69035982 0.77030005 0.81167571 0.8202391  0.82874061]
2024-03-11 16:58:19,130 - root - INFO - Sequential epoch:20 dataset:cifar10 MAP:[0.6843661616966128, 0.7551593115851283, 0.7940249555893243, 0.8006697303801775, 0.8032502906657756] Best MAP: [0.69035982 0.77030005 0.81167571 0.8202391  0.82874061]
2024-03-11 16:59:41,064 - root - INFO - Sequential epoch:24 dataset:cifar10 MAP:[0.6825267243348062, 0.7550245518758893, 0.795676209140569, 0.8017921236865222, 0.8043383309282363] Best MAP: [0.69035982 0.77030005 0.81167571 0.8202391  0.82874061]
2024-03-11 17:01:03,648 - root - INFO - Sequential epoch:28 dataset:cifar10 MAP:[0.690522313170135, 0.7663325203768909, 0.8043680788688362, 0.8095434381999076, 0.8120011613741517] Best MAP: [0.69052231 0.77030005 0.81167571 0.8202391  0.82874061]
2024-03-11 17:02:25,297 - root - INFO - Sequential epoch:32 dataset:cifar10 MAP:[0.6878586217686534, 0.7510600536055863, 0.7909468740224839, 0.796557822689414, 0.8004725339300931] Best MAP: [0.69052231 0.77030005 0.81167571 0.8202391  0.82874061]
2024-03-11 17:03:46,357 - root - INFO - Sequential epoch:36 dataset:cifar10 MAP:[0.7138100799955428, 0.7616888375915587, 0.7970487003512681, 0.8008470654450357, 0.8028770076557994] Best MAP: [0.71381008 0.77030005 0.81167571 0.8202391  0.82874061]
2024-03-11 17:05:07,247 - root - INFO - Sequential epoch:40 dataset:cifar10 MAP:[0.6984470046162605, 0.7560795692652464, 0.7942732858471573, 0.799169108081609, 0.8010623664185405] Best MAP: [0.71381008 0.77030005 0.81167571 0.8202391  0.82874061]
2024-03-11 17:06:28,910 - root - INFO - Sequential epoch:44 dataset:cifar10 MAP:[0.7052946777231991, 0.7487870530188083, 0.7865014046244323, 0.7915170960873366, 0.7932467999793589] Best MAP: [0.71381008 0.77030005 0.81167571 0.8202391  0.82874061]
2024-03-11 17:07:50,309 - root - INFO - Sequential epoch:48 dataset:cifar10 MAP:[0.6987736011482775, 0.7561554197706282, 0.7966826630719006, 0.801654282592237, 0.8037535985894502] Best MAP: [0.71381008 0.77030005 0.81167571 0.8202391  0.82874061]
2024-03-11 17:09:11,791 - root - INFO - Sequential epoch:52 dataset:cifar10 MAP:[0.6967150236591697, 0.7429477574191987, 0.7745128657519817, 0.7794898853339255, 0.7831704259887338] Best MAP: [0.71381008 0.77030005 0.81167571 0.8202391  0.82874061]
2024-03-11 17:22:07,027 - root - INFO - Sequential epoch:4 dataset:cifar10 MAP:[0.6266923669204116, 0.7264748178236187, 0.7871879021637141, 0.807997362934053, 0.8234611546508968] Best MAP: [0.62669237 0.72647482 0.7871879  0.80799736 0.82346115]
2024-03-11 17:23:28,922 - root - INFO - Sequential epoch:8 dataset:cifar10 MAP:[0.669990902133286, 0.758032928455621, 0.8020450860336423, 0.8118464238233865, 0.8203158327303827] Best MAP: [0.6699909  0.75803293 0.80204509 0.81184642 0.82346115]
2024-03-11 17:24:51,609 - root - INFO - Sequential epoch:12 dataset:cifar10 MAP:[0.6822880214937032, 0.7550248062945902, 0.7953080724105239, 0.8017497530207038, 0.8055179999321699] Best MAP: [0.68228802 0.75803293 0.80204509 0.81184642 0.82346115]
2024-03-11 17:26:13,750 - root - INFO - Sequential epoch:16 dataset:cifar10 MAP:[0.6815007298476994, 0.7526306127719581, 0.792807721298188, 0.7982729940451682, 0.802109172616154] Best MAP: [0.68228802 0.75803293 0.80204509 0.81184642 0.82346115]
2024-03-11 17:28:32,058 - root - INFO - Sequential epoch:4 dataset:cifar10 MAP:[0.6406984780281783, 0.740842340759933, 0.7956486754789949, 0.8101188487671316, 0.8209204220250249] Best MAP: [0.64069848 0.74084234 0.79564868 0.81011885 0.82092042]
2024-03-11 17:29:53,593 - root - INFO - Sequential epoch:8 dataset:cifar10 MAP:[0.641423963099718, 0.7510504502728581, 0.7960389011576772, 0.8078221584632993, 0.8163106626719236] Best MAP: [0.64142396 0.75105045 0.7960389  0.81011885 0.82092042]
2024-03-11 17:31:16,432 - root - INFO - Sequential epoch:12 dataset:cifar10 MAP:[0.6448274917453527, 0.7455805512741208, 0.7900874999687075, 0.7974622468203306, 0.8022875094376505] Best MAP: [0.64482749 0.75105045 0.7960389  0.81011885 0.82092042]
2024-03-11 17:33:52,671 - root - INFO - Sequential epoch:4 dataset:cifar10 MAP:[0.6408731847852468, 0.7518795012570918, 0.8098996716886758, 0.8258465646095574, 0.8374536900408566] Best MAP: [0.64087318 0.7518795  0.80989967 0.82584656 0.83745369]
2024-03-11 17:35:14,322 - root - INFO - Sequential epoch:8 dataset:cifar10 MAP:[0.6895239848420024, 0.7797371479719877, 0.8190915187746286, 0.826645510494709, 0.8339683725722135] Best MAP: [0.68952398 0.77973715 0.81909152 0.82664551 0.83745369]
2024-03-11 17:36:36,857 - root - INFO - Sequential epoch:12 dataset:cifar10 MAP:[0.6732086868099868, 0.7569882785789669, 0.7936611595936119, 0.8015850543528795, 0.8073856173232198] Best MAP: [0.68952398 0.77973715 0.81909152 0.82664551 0.83745369]
2024-03-11 17:38:37,034 - root - INFO - Sequential epoch:4 dataset:cifar10 MAP:[0.630947618957609, 0.7363759186193347, 0.7899720379970968, 0.8028375298641622, 0.8105420988053084] Best MAP: [0.63094762 0.73637592 0.78997204 0.80283753 0.8105421 ]
2024-03-11 17:39:58,885 - root - INFO - Sequential epoch:8 dataset:cifar10 MAP:[0.6461251376308501, 0.7491043608263135, 0.7949340649396182, 0.805455954130739, 0.8146825068034231] Best MAP: [0.64612514 0.74910436 0.79493406 0.80545595 0.81468251]
2024-03-11 17:41:20,942 - root - INFO - Sequential epoch:12 dataset:cifar10 MAP:[0.6424630559124053, 0.7563706704489886, 0.8036338065750896, 0.8104307468682528, 0.8156314043439925] Best MAP: [0.64612514 0.75637067 0.80363381 0.81043075 0.8156314 ]
2024-03-11 17:43:06,424 - root - INFO - Sequential epoch:4 dataset:cifar10 MAP:[0.6782544785216451, 0.7606665383353829, 0.8063183902315796, 0.8194510235525667, 0.8288916848413647] Best MAP: [0.67825448 0.76066654 0.80631839 0.81945102 0.82889168]
2024-03-11 17:44:27,414 - root - INFO - Sequential epoch:8 dataset:cifar10 MAP:[0.670270816963166, 0.7557948597483337, 0.8005316117592156, 0.8103212258331478, 0.8181423598900437] Best MAP: [0.67825448 0.76066654 0.80631839 0.81945102 0.82889168]
2024-03-11 17:47:03,337 - root - INFO - Sequential epoch:4 dataset:cifar10 MAP:[0.6532484551742673, 0.7392973472587764, 0.7898225332051516, 0.8097950305268169, 0.820198095548898] Best MAP: [0.65324846 0.73929735 0.78982253 0.80979503 0.8201981 ]
2024-03-11 17:48:24,398 - root - INFO - Sequential epoch:8 dataset:cifar10 MAP:[0.6889419056512416, 0.7652351155541838, 0.8072692962735891, 0.8173914285004139, 0.8255181007236242] Best MAP: [0.68894191 0.76523512 0.8072693  0.81739143 0.8255181 ]
2024-03-11 17:49:44,972 - root - INFO - Sequential epoch:12 dataset:cifar10 MAP:[0.669266298752278, 0.7562228172980249, 0.7992130403667689, 0.8076760934516788, 0.8124658421650529] Best MAP: [0.68894191 0.76523512 0.8072693  0.81739143 0.8255181 ]
2024-03-11 17:51:05,392 - root - INFO - Sequential epoch:16 dataset:cifar10 MAP:[0.6637649511098862, 0.749422448668629, 0.795182350166142, 0.8019151819832623, 0.8057712019197643] Best MAP: [0.68894191 0.76523512 0.8072693  0.81739143 0.8255181 ]
2024-03-11 17:52:27,093 - root - INFO - Sequential epoch:20 dataset:cifar10 MAP:[0.6940091876797378, 0.752481968138367, 0.7864995147548616, 0.7924812218472361, 0.7969902924448252] Best MAP: [0.69400919 0.76523512 0.8072693  0.81739143 0.8255181 ]
2024-03-11 17:53:48,450 - root - INFO - Sequential epoch:24 dataset:cifar10 MAP:[0.6850444354228675, 0.752129873290658, 0.7889674348160625, 0.7923442872166634, 0.7947845381051302] Best MAP: [0.69400919 0.76523512 0.8072693  0.81739143 0.8255181 ]
2024-03-11 17:55:08,555 - root - INFO - Sequential epoch:28 dataset:cifar10 MAP:[0.6722405163012445, 0.7460951471924782, 0.79100431022048, 0.7971777786649764, 0.8007580633386969] Best MAP: [0.69400919 0.76523512 0.8072693  0.81739143 0.8255181 ]
2024-03-11 17:56:29,878 - root - INFO - Sequential epoch:32 dataset:cifar10 MAP:[0.6853036592975259, 0.7443276728801429, 0.7841786267869174, 0.7893031155802309, 0.7928395511060953] Best MAP: [0.69400919 0.76523512 0.8072693  0.81739143 0.8255181 ]
2024-03-11 17:57:50,718 - root - INFO - Sequential epoch:36 dataset:cifar10 MAP:[0.6958176345713437, 0.7594905079603195, 0.7986570338234306, 0.8025294396169483, 0.8048182318359614] Best MAP: [0.69581763 0.76523512 0.8072693  0.81739143 0.8255181 ]
2024-03-11 17:59:11,355 - root - INFO - Sequential epoch:40 dataset:cifar10 MAP:[0.7029508591219783, 0.7582984777800739, 0.7943194671943784, 0.7974340803325176, 0.7996671635583044] Best MAP: [0.70295086 0.76523512 0.8072693  0.81739143 0.8255181 ]
2024-03-11 18:00:32,391 - root - INFO - Sequential epoch:44 dataset:cifar10 MAP:[0.7149637556634844, 0.7641729983724653, 0.8007132303267718, 0.8037916316576302, 0.8050636155903339] Best MAP: [0.71496376 0.76523512 0.8072693  0.81739143 0.8255181 ]
2024-03-11 18:01:53,426 - root - INFO - Sequential epoch:48 dataset:cifar10 MAP:[0.7037640519291163, 0.7516563798896968, 0.7854349777624011, 0.7880348710641265, 0.7888173571191728] Best MAP: [0.71496376 0.76523512 0.8072693  0.81739143 0.8255181 ]
2024-03-11 18:03:14,809 - root - INFO - Sequential epoch:52 dataset:cifar10 MAP:[0.7006644056402147, 0.7520031041689217, 0.7844839071668684, 0.7878196673355997, 0.7891646946668625] Best MAP: [0.71496376 0.76523512 0.8072693  0.81739143 0.8255181 ]
2024-03-11 18:04:36,590 - root - INFO - Sequential epoch:56 dataset:cifar10 MAP:[0.6929157022386789, 0.7464318874478341, 0.7831371006146073, 0.788936205085367, 0.7916684156470001] Best MAP: [0.71496376 0.76523512 0.8072693  0.81739143 0.8255181 ]
2024-03-11 18:05:56,834 - root - INFO - Sequential epoch:60 dataset:cifar10 MAP:[0.7119154840745032, 0.7588095870688558, 0.7948217374794185, 0.7983949880152941, 0.8000388790369034] Best MAP: [0.71496376 0.76523512 0.8072693  0.81739143 0.8255181 ]
2024-03-11 18:07:28,944 - root - INFO - Sequential epoch:4 dataset:cifar10 MAP:[0.6369399945400656, 0.7419498401656747, 0.8016942678317428, 0.8168310997076332, 0.826668214995414] Best MAP: [0.63693999 0.74194984 0.80169427 0.8168311  0.82666821]
2024-03-11 18:08:51,042 - root - INFO - Sequential epoch:8 dataset:cifar10 MAP:[0.6602928856573999, 0.751898900065571, 0.7947051810435951, 0.805215085439384, 0.8125919141024351] Best MAP: [0.66029289 0.7518989  0.80169427 0.8168311  0.82666821]
2024-03-11 18:10:13,487 - root - INFO - Sequential epoch:12 dataset:cifar10 MAP:[0.6940165130533278, 0.7650833897180855, 0.7941617456413805, 0.8006271423213184, 0.8048804711215198] Best MAP: [0.69401651 0.76508339 0.80169427 0.8168311  0.82666821]
2024-03-11 18:11:35,684 - root - INFO - Sequential epoch:16 dataset:cifar10 MAP:[0.6775491732843221, 0.752416571110487, 0.7956965782940387, 0.8007940175570547, 0.8049388021454215] Best MAP: [0.69401651 0.76508339 0.80169427 0.8168311  0.82666821]
2024-03-11 18:12:58,483 - root - INFO - Sequential epoch:20 dataset:cifar10 MAP:[0.7105478899739682, 0.7632122561745346, 0.7933743971846998, 0.7978240713290871, 0.801771402772516] Best MAP: [0.71054789 0.76508339 0.80169427 0.8168311  0.82666821]
2024-03-11 18:14:21,502 - root - INFO - Sequential epoch:24 dataset:cifar10 MAP:[0.6968494432084262, 0.7515372275263071, 0.7827126079238951, 0.7896929923035204, 0.7922495099492372] Best MAP: [0.71054789 0.76508339 0.80169427 0.8168311  0.82666821]
2024-03-11 18:15:43,457 - root - INFO - Sequential epoch:28 dataset:cifar10 MAP:[0.6896848124191165, 0.7498000333942473, 0.7883627520650626, 0.7945167814902961, 0.7976455378383398] Best MAP: [0.71054789 0.76508339 0.80169427 0.8168311  0.82666821]
2024-03-11 18:17:05,700 - root - INFO - Sequential epoch:32 dataset:cifar10 MAP:[0.7068948604017496, 0.7624548220224678, 0.7955325993075967, 0.799865876890719, 0.8017531409561635] Best MAP: [0.71054789 0.76508339 0.80169427 0.8168311  0.82666821]
2024-03-11 18:18:28,203 - root - INFO - Sequential epoch:36 dataset:cifar10 MAP:[0.6960099849551916, 0.7535354103595019, 0.7906438679173589, 0.795792623758316, 0.7988932112753391] Best MAP: [0.71054789 0.76508339 0.80169427 0.8168311  0.82666821]
2024-03-11 18:20:01,212 - root - INFO - Sequential epoch:4 dataset:cifar10 MAP:[0.6522163619324565, 0.7524985010810197, 0.8140598651319743, 0.8306565321795643, 0.8380407159514726] Best MAP: [0.65221636 0.7524985  0.81405987 0.83065653 0.83804072]
2024-03-11 18:21:24,016 - root - INFO - Sequential epoch:8 dataset:cifar10 MAP:[0.6764823453500867, 0.7675020208321511, 0.8120882828868926, 0.820933853302151, 0.8284382123425603] Best MAP: [0.67648235 0.76750202 0.81405987 0.83065653 0.83804072]
2024-03-11 18:22:46,244 - root - INFO - Sequential epoch:12 dataset:cifar10 MAP:[0.6679458267912268, 0.7584119722805918, 0.8086669513732195, 0.81764185744524, 0.8233445768617094] Best MAP: [0.67648235 0.76750202 0.81405987 0.83065653 0.83804072]
2024-03-11 18:24:09,003 - root - INFO - Sequential epoch:16 dataset:cifar10 MAP:[0.6693657752498985, 0.7553243375308811, 0.7980779093764723, 0.8034233113750815, 0.8066492053456604] Best MAP: [0.67648235 0.76750202 0.81405987 0.83065653 0.83804072]
2024-03-11 18:25:31,892 - root - INFO - Sequential epoch:20 dataset:cifar10 MAP:[0.6710012279897928, 0.7536159696243704, 0.7965838021859527, 0.8010532007217407, 0.8045229854211211] Best MAP: [0.67648235 0.76750202 0.81405987 0.83065653 0.83804072]
2024-03-11 18:26:54,888 - root - INFO - Sequential epoch:24 dataset:cifar10 MAP:[0.7038115653768182, 0.7736835336983204, 0.8175081210322678, 0.8227880625203252, 0.8257071337290108] Best MAP: [0.70381157 0.77368353 0.81750812 0.83065653 0.83804072]
2024-03-11 18:28:16,638 - root - INFO - Sequential epoch:28 dataset:cifar10 MAP:[0.6804431709721684, 0.7577176695875824, 0.7998467967398465, 0.8054100201614202, 0.8085017281584441] Best MAP: [0.70381157 0.77368353 0.81750812 0.83065653 0.83804072]
2024-03-11 18:29:38,002 - root - INFO - Sequential epoch:32 dataset:cifar10 MAP:[0.7053316438682378, 0.7721740094721318, 0.8064821531064809, 0.8109051033817232, 0.8127778520844877] Best MAP: [0.70533164 0.77368353 0.81750812 0.83065653 0.83804072]
2024-03-11 18:30:59,891 - root - INFO - Sequential epoch:36 dataset:cifar10 MAP:[0.6784904521144927, 0.7487886599451303, 0.7856742434203625, 0.7887520442679524, 0.7916741268858314] Best MAP: [0.70533164 0.77368353 0.81750812 0.83065653 0.83804072]
2024-03-11 18:32:21,584 - root - INFO - Sequential epoch:40 dataset:cifar10 MAP:[0.705810330171138, 0.766286397524178, 0.7960797338187695, 0.7985939434804022, 0.8010129956528544] Best MAP: [0.70581033 0.77368353 0.81750812 0.83065653 0.83804072]
2024-03-11 18:33:43,143 - root - INFO - Sequential epoch:44 dataset:cifar10 MAP:[0.70201266432181, 0.7659942349381745, 0.8020279057659209, 0.8067603855356574, 0.8084234031587839] Best MAP: [0.70581033 0.77368353 0.81750812 0.83065653 0.83804072]
2024-03-11 18:35:05,143 - root - INFO - Sequential epoch:48 dataset:cifar10 MAP:[0.6872416249252856, 0.7570309792272747, 0.7934036825075745, 0.7973988592885435, 0.7998386702872813] Best MAP: [0.70581033 0.77368353 0.81750812 0.83065653 0.83804072]
2024-03-11 18:36:27,395 - root - INFO - Sequential epoch:52 dataset:cifar10 MAP:[0.7031126374602318, 0.7684557187147438, 0.8028184763938189, 0.8054503495208919, 0.8074126426279545] Best MAP: [0.70581033 0.77368353 0.81750812 0.83065653 0.83804072]
2024-03-11 18:37:49,334 - root - INFO - Sequential epoch:56 dataset:cifar10 MAP:[0.6921599038057029, 0.7516820597052574, 0.7867039343975485, 0.7911649241112173, 0.7935083499662579] Best MAP: [0.70581033 0.77368353 0.81750812 0.83065653 0.83804072]
2024-03-11 18:39:21,071 - root - INFO - Sequential epoch:4 dataset:cifar10 MAP:[0.6540532680600881, 0.7452848104536534, 0.8060990894623101, 0.8231941384226084, 0.8353077315613627] Best MAP: [0.65405327 0.74528481 0.80609909 0.82319414 0.83530773]
2024-03-11 18:40:42,914 - root - INFO - Sequential epoch:8 dataset:cifar10 MAP:[0.6693399792835116, 0.7617844926081598, 0.8059789626412094, 0.8158519477397204, 0.8245439375936985] Best MAP: [0.66933998 0.76178449 0.80609909 0.82319414 0.83530773]
2024-03-11 18:42:04,772 - root - INFO - Sequential epoch:12 dataset:cifar10 MAP:[0.675871891491115, 0.7653152422644198, 0.8044463289901614, 0.8122961289435625, 0.8155249657444655] Best MAP: [0.67587189 0.76531524 0.80609909 0.82319414 0.83530773]
2024-03-11 18:43:26,240 - root - INFO - Sequential epoch:16 dataset:cifar10 MAP:[0.6775987526737154, 0.7563767914138735, 0.7974269582629204, 0.8049366395734251, 0.8093897310867906] Best MAP: [0.67759875 0.76531524 0.80609909 0.82319414 0.83530773]
2024-03-11 18:44:47,628 - root - INFO - Sequential epoch:20 dataset:cifar10 MAP:[0.7112688692882657, 0.7704155505858362, 0.8017615444473922, 0.8069144134260714, 0.8098640098273754] Best MAP: [0.71126887 0.77041555 0.80609909 0.82319414 0.83530773]
2024-03-11 18:46:09,581 - root - INFO - Sequential epoch:24 dataset:cifar10 MAP:[0.7068082989528776, 0.7716479044668376, 0.802306473415345, 0.8073090464286506, 0.8101087652631104] Best MAP: [0.71126887 0.7716479  0.80609909 0.82319414 0.83530773]
2024-03-11 18:47:31,220 - root - INFO - Sequential epoch:28 dataset:cifar10 MAP:[0.7091418402940035, 0.7674328204505145, 0.8057055533006787, 0.8116300477087498, 0.8142539828047156] Best MAP: [0.71126887 0.7716479  0.80609909 0.82319414 0.83530773]
2024-03-11 18:48:52,855 - root - INFO - Sequential epoch:32 dataset:cifar10 MAP:[0.6943431035913527, 0.7579881153181195, 0.7989072694033384, 0.804400030720979, 0.8081681586317718] Best MAP: [0.71126887 0.7716479  0.80609909 0.82319414 0.83530773]
2024-03-11 18:50:14,704 - root - INFO - Sequential epoch:36 dataset:cifar10 MAP:[0.6957588794641196, 0.7659891509599984, 0.8081234942562878, 0.815004617407918, 0.8174721687547862] Best MAP: [0.71126887 0.7716479  0.80812349 0.82319414 0.83530773]
2024-03-11 18:51:36,705 - root - INFO - Sequential epoch:40 dataset:cifar10 MAP:[0.7267391546294093, 0.7748120040111244, 0.809021376401186, 0.8125343605466187, 0.8144374164380133] Best MAP: [0.72673915 0.774812   0.80902138 0.82319414 0.83530773]
2024-03-11 18:52:58,277 - root - INFO - Sequential epoch:44 dataset:cifar10 MAP:[0.678680974535644, 0.7483445452973246, 0.7923804595693946, 0.7972191987149417, 0.7997343815229833] Best MAP: [0.72673915 0.774812   0.80902138 0.82319414 0.83530773]
2024-03-11 18:54:19,984 - root - INFO - Sequential epoch:48 dataset:cifar10 MAP:[0.7064924602471292, 0.7550966665260493, 0.7889247890226543, 0.7947061537317932, 0.7967509531751275] Best MAP: [0.72673915 0.774812   0.80902138 0.82319414 0.83530773]
2024-03-11 18:55:41,681 - root - INFO - Sequential epoch:52 dataset:cifar10 MAP:[0.698741213530302, 0.7538607680089772, 0.7870392169058323, 0.7900175240673125, 0.793140514075756] Best MAP: [0.72673915 0.774812   0.80902138 0.82319414 0.83530773]
2024-03-11 18:57:03,070 - root - INFO - Sequential epoch:56 dataset:cifar10 MAP:[0.6924246666170657, 0.7514393364228308, 0.7846768646612763, 0.7882765332311392, 0.789804207187146] Best MAP: [0.72673915 0.774812   0.80902138 0.82319414 0.83530773]
2024-03-11 18:58:33,453 - root - INFO - Sequential epoch:4 dataset:cifar10 MAP:[0.6322562149837613, 0.7319117662273348, 0.79124176293239, 0.8070087700039148, 0.8161697486452758] Best MAP: [0.63225621 0.73191177 0.79124176 0.80700877 0.81616975]
2024-03-11 18:59:54,384 - root - INFO - Sequential epoch:8 dataset:cifar10 MAP:[0.6681820612438023, 0.7595811417847872, 0.8028423688821494, 0.8132711631767452, 0.8216559264399111] Best MAP: [0.66818206 0.75958114 0.80284237 0.81327116 0.82165593]
2024-03-11 19:01:14,779 - root - INFO - Sequential epoch:12 dataset:cifar10 MAP:[0.6632663395851851, 0.7548618563041091, 0.797204279128462, 0.804430108319968, 0.8099111099131405] Best MAP: [0.66818206 0.75958114 0.80284237 0.81327116 0.82165593]
2024-03-11 19:02:35,956 - root - INFO - Sequential epoch:16 dataset:cifar10 MAP:[0.6623934003151953, 0.7451883012279868, 0.7862829287163913, 0.7918676462806761, 0.795672559004277] Best MAP: [0.66818206 0.75958114 0.80284237 0.81327116 0.82165593]
2024-03-11 19:03:57,201 - root - INFO - Sequential epoch:20 dataset:cifar10 MAP:[0.6643188149258494, 0.7437363356649875, 0.7819183742776513, 0.7865218905843794, 0.7895435565151274] Best MAP: [0.66818206 0.75958114 0.80284237 0.81327116 0.82165593]
2024-03-11 19:05:18,179 - root - INFO - Sequential epoch:24 dataset:cifar10 MAP:[0.6741411735862494, 0.7476102890372276, 0.7879583857990802, 0.7920387884154916, 0.795335536595434] Best MAP: [0.67414117 0.75958114 0.80284237 0.81327116 0.82165593]
2024-03-11 19:06:39,671 - root - INFO - Sequential epoch:28 dataset:cifar10 MAP:[0.6599927422292531, 0.7289920508116484, 0.7707757380083203, 0.7759797006957233, 0.7795978696905077] Best MAP: [0.67414117 0.75958114 0.80284237 0.81327116 0.82165593]
2024-03-11 19:08:00,443 - root - INFO - Sequential epoch:32 dataset:cifar10 MAP:[0.68903888053447, 0.7627523220703005, 0.7936774775199592, 0.7978708675876259, 0.8004862852171063] Best MAP: [0.68903888 0.76275232 0.80284237 0.81327116 0.82165593]
2024-03-11 19:09:22,051 - root - INFO - Sequential epoch:36 dataset:cifar10 MAP:[0.6885170086063445, 0.7529611434228718, 0.7832051570080221, 0.7870811614841223, 0.7894055787250399] Best MAP: [0.68903888 0.76275232 0.80284237 0.81327116 0.82165593]
2024-03-11 19:10:43,334 - root - INFO - Sequential epoch:40 dataset:cifar10 MAP:[0.6777450800761581, 0.7441598186530173, 0.7798918676525355, 0.7854559418298304, 0.7881995013952255] Best MAP: [0.68903888 0.76275232 0.80284237 0.81327116 0.82165593]
2024-03-11 19:12:04,552 - root - INFO - Sequential epoch:44 dataset:cifar10 MAP:[0.6994360147342086, 0.7557481535375118, 0.7817566860504448, 0.7859735824204981, 0.7880410712845624] Best MAP: [0.69943601 0.76275232 0.80284237 0.81327116 0.82165593]
2024-03-11 19:13:25,415 - root - INFO - Sequential epoch:48 dataset:cifar10 MAP:[0.687989747658372, 0.746082861725241, 0.7816753220595419, 0.7863085517920554, 0.788539694853127] Best MAP: [0.69943601 0.76275232 0.80284237 0.81327116 0.82165593]
2024-03-11 19:14:48,432 - root - INFO - Sequential epoch:52 dataset:cifar10 MAP:[0.6872801259867847, 0.7460188259668649, 0.7777105371952057, 0.7823133272193372, 0.7843280312977732] Best MAP: [0.69943601 0.76275232 0.80284237 0.81327116 0.82165593]
2024-03-11 19:16:08,912 - root - INFO - Sequential epoch:56 dataset:cifar10 MAP:[0.706543729417026, 0.7528847789838911, 0.7810307904221118, 0.7835941735766828, 0.7852528782635927] Best MAP: [0.70654373 0.76275232 0.80284237 0.81327116 0.82165593]
2024-03-11 19:17:29,662 - root - INFO - Sequential epoch:60 dataset:cifar10 MAP:[0.6852492612563074, 0.739691568903625, 0.7697349652051926, 0.7736305622085929, 0.7759238098300993] Best MAP: [0.70654373 0.76275232 0.80284237 0.81327116 0.82165593]
2024-03-11 19:18:51,353 - root - INFO - Sequential epoch:64 dataset:cifar10 MAP:[0.6887658256851137, 0.7425410612821579, 0.7761141887456179, 0.7793498286567628, 0.7809959890283644] Best MAP: [0.70654373 0.76275232 0.80284237 0.81327116 0.82165593]
2024-03-11 19:20:12,853 - root - INFO - Sequential epoch:68 dataset:cifar10 MAP:[0.6885298172980547, 0.7433065709844232, 0.7801349031291902, 0.7841489634178579, 0.7864220220856368] Best MAP: [0.70654373 0.76275232 0.80284237 0.81327116 0.82165593]
2024-03-11 19:21:34,422 - root - INFO - Sequential epoch:72 dataset:cifar10 MAP:[0.70753135157004, 0.7557368109896779, 0.7816949221007526, 0.7851164864115417, 0.7865808186084032] Best MAP: [0.70753135 0.76275232 0.80284237 0.81327116 0.82165593]
2024-03-11 19:22:56,209 - root - INFO - Sequential epoch:76 dataset:cifar10 MAP:[0.6785018971785903, 0.7359931599982082, 0.7738966448828578, 0.7774646794982254, 0.7796640251241624] Best MAP: [0.70753135 0.76275232 0.80284237 0.81327116 0.82165593]
2024-03-11 19:24:18,112 - root - INFO - Sequential epoch:80 dataset:cifar10 MAP:[0.6837775618843734, 0.7426945965662599, 0.778728125717491, 0.782499540720135, 0.7851220894046128] Best MAP: [0.70753135 0.76275232 0.80284237 0.81327116 0.82165593]
2024-03-11 19:25:40,160 - root - INFO - Sequential epoch:84 dataset:cifar10 MAP:[0.6907204877510666, 0.7441774070225656, 0.7801903934180736, 0.7845561213120819, 0.7876557096838951] Best MAP: [0.70753135 0.76275232 0.80284237 0.81327116 0.82165593]
2024-03-11 19:27:02,004 - root - INFO - Sequential epoch:88 dataset:cifar10 MAP:[0.6815888720154762, 0.7336487707793713, 0.7693341024369001, 0.7717756760492921, 0.7742136135064065] Best MAP: [0.70753135 0.76275232 0.80284237 0.81327116 0.82165593]
2024-03-11 19:28:32,357 - root - INFO - Sequential epoch:4 dataset:cifar10 MAP:[0.6253882210031152, 0.7220893364883959, 0.782596001777798, 0.80242414310202, 0.8147754256464541] Best MAP: [0.62538822 0.72208934 0.782596   0.80242414 0.81477543]
2024-03-11 19:29:54,353 - root - INFO - Sequential epoch:8 dataset:cifar10 MAP:[0.6653494100049138, 0.7407550732977688, 0.7831545509360731, 0.7911789802908897, 0.799880676522851] Best MAP: [0.66534941 0.74075507 0.78315455 0.80242414 0.81477543]
2024-03-11 19:31:15,860 - root - INFO - Sequential epoch:12 dataset:cifar10 MAP:[0.693480952642858, 0.7638199617378414, 0.8017966838777065, 0.8093021291419864, 0.8153660629540682] Best MAP: [0.69348095 0.76381996 0.80179668 0.80930213 0.81536606]
2024-03-11 19:32:37,471 - root - INFO - Sequential epoch:16 dataset:cifar10 MAP:[0.6709696414656937, 0.751751122508198, 0.7913735157102346, 0.7962429575249552, 0.8010001468583942] Best MAP: [0.69348095 0.76381996 0.80179668 0.80930213 0.81536606]
2024-03-11 19:33:58,814 - root - INFO - Sequential epoch:20 dataset:cifar10 MAP:[0.6871694337241352, 0.7478653943613172, 0.7846117851883173, 0.7893891942463815, 0.7921042248830199] Best MAP: [0.69348095 0.76381996 0.80179668 0.80930213 0.81536606]
2024-03-11 19:35:20,398 - root - INFO - Sequential epoch:24 dataset:cifar10 MAP:[0.6791335840299726, 0.7473139849305153, 0.7783127084299922, 0.7823197171464562, 0.7840543370358646] Best MAP: [0.69348095 0.76381996 0.80179668 0.80930213 0.81536606]
2024-03-11 19:36:41,085 - root - INFO - Sequential epoch:28 dataset:cifar10 MAP:[0.6606573578640819, 0.7342519427314401, 0.7728348903357982, 0.7787838874831796, 0.7815578620396555] Best MAP: [0.69348095 0.76381996 0.80179668 0.80930213 0.81536606]
2024-03-11 19:38:11,616 - root - INFO - Sequential epoch:4 dataset:cifar10 MAP:[0.6391154230013489, 0.7366628346517682, 0.7920907772816718, 0.8107094222418963, 0.8201677924916149] Best MAP: [0.63911542 0.73666283 0.79209078 0.81070942 0.82016779]
2024-03-11 19:39:32,636 - root - INFO - Sequential epoch:8 dataset:cifar10 MAP:[0.6833131304644048, 0.7710421744808554, 0.8142947228364646, 0.8235207393616438, 0.8310919215641915] Best MAP: [0.68331313 0.77104217 0.81429472 0.82352074 0.83109192]
2024-03-11 19:40:53,756 - root - INFO - Sequential epoch:12 dataset:cifar10 MAP:[0.6826896554604173, 0.7597700338065624, 0.8049249007180334, 0.8106238199025393, 0.8157675627060235] Best MAP: [0.68331313 0.77104217 0.81429472 0.82352074 0.83109192]
2024-03-11 19:44:01,621 - root - INFO - Sequential epoch:4 dataset:cifar10 MAP:[0.6574363502562046, 0.7501589323841036, 0.8032973279803991, 0.8216423956491054, 0.8304146060943604] Best MAP: [0.65743635 0.75015893 0.80329733 0.8216424  0.83041461]
2024-03-11 19:45:23,998 - root - INFO - Sequential epoch:8 dataset:cifar10 MAP:[0.689010114017874, 0.7663409274853766, 0.8030500981993973, 0.8132496034838259, 0.8209681653119624] Best MAP: [0.68901011 0.76634093 0.80329733 0.8216424  0.83041461]
2024-03-11 19:46:44,611 - root - INFO - Sequential epoch:12 dataset:cifar10 MAP:[0.6960192512013018, 0.7689521745890379, 0.8036239263899624, 0.8115012543685735, 0.8166555963046849] Best MAP: [0.69601925 0.76895217 0.80362393 0.8216424  0.83041461]
2024-03-11 19:48:05,518 - root - INFO - Sequential epoch:16 dataset:cifar10 MAP:[0.714747506082058, 0.7680307970829308, 0.7972808416709304, 0.8025480915382505, 0.8058255791738629] Best MAP: [0.71474751 0.76895217 0.80362393 0.8216424  0.83041461]
2024-03-11 19:49:26,184 - root - INFO - Sequential epoch:20 dataset:cifar10 MAP:[0.6998495859280228, 0.7498853294029831, 0.7842858279123902, 0.7902021590434015, 0.7931901293434203] Best MAP: [0.71474751 0.76895217 0.80362393 0.8216424  0.83041461]
2024-03-11 19:50:47,056 - root - INFO - Sequential epoch:24 dataset:cifar10 MAP:[0.6905154122002423, 0.7596262402124703, 0.7933944021649658, 0.7976440108828247, 0.8006487096734345] Best MAP: [0.71474751 0.76895217 0.80362393 0.8216424  0.83041461]
2024-03-11 19:52:08,118 - root - INFO - Sequential epoch:28 dataset:cifar10 MAP:[0.6978217219300568, 0.7612305219545961, 0.7939790175594389, 0.7983753126598895, 0.8009510145783424] Best MAP: [0.71474751 0.76895217 0.80362393 0.8216424  0.83041461]
2024-03-11 19:53:29,181 - root - INFO - Sequential epoch:32 dataset:cifar10 MAP:[0.6799666569903493, 0.7504345313161611, 0.786802827194333, 0.7897248947061598, 0.7921417892836035] Best MAP: [0.71474751 0.76895217 0.80362393 0.8216424  0.83041461]
2024-03-11 19:54:59,762 - root - INFO - Sequential epoch:4 dataset:cifar10 MAP:[0.6302087068818509, 0.7223143528960645, 0.7837333411127329, 0.8031137614175677, 0.8169561594948173] Best MAP: [0.63020871 0.72231435 0.78373334 0.80311376 0.81695616]
2024-03-11 19:56:20,045 - root - INFO - Sequential epoch:8 dataset:cifar10 MAP:[0.6827359414771199, 0.7602724327072501, 0.8035565629303455, 0.8125732391439379, 0.8214742109812796] Best MAP: [0.68273594 0.76027243 0.80355656 0.81257324 0.82147421]
2024-03-11 19:58:26,046 - root - INFO - Sequential epoch:4 dataset:cifar10 MAP:[0.6465451329797506, 0.7449900857992471, 0.8043589890338481, 0.8205761895626783, 0.830681478317827] Best MAP: [0.64654513 0.74499009 0.80435899 0.82057619 0.83068148]
2024-03-11 19:59:47,317 - root - INFO - Sequential epoch:8 dataset:cifar10 MAP:[0.6978515148162842, 0.7674920807406306, 0.8091513605713845, 0.8178871237300336, 0.8249312704317272] Best MAP: [0.69785151 0.76749208 0.80915136 0.82057619 0.83068148]
2024-03-11 20:01:08,355 - root - INFO - Sequential epoch:12 dataset:cifar10 MAP:[0.7000615140609443, 0.7747095262818039, 0.8100784120112657, 0.8158170057088137, 0.820825395476073] Best MAP: [0.70006151 0.77470953 0.81007841 0.82057619 0.83068148]
2024-03-11 20:07:57,980 - root - INFO - Sequential epoch:4 dataset:cifar10 MAP:[0.6250506371930241, 0.7246083276346326, 0.7823043350018561, 0.8026825724616646, 0.8162512129694224] Best MAP: [0.62505064 0.72460833 0.78230434 0.80268257 0.81625121]
2024-03-11 20:09:18,886 - root - INFO - Sequential epoch:8 dataset:cifar10 MAP:[0.7074715836308897, 0.7736060974858702, 0.8158679125756025, 0.823878892198205, 0.831631226118654] Best MAP: [0.70747158 0.7736061  0.81586791 0.82387889 0.83163123]
2024-03-11 20:10:39,291 - root - INFO - Sequential epoch:12 dataset:cifar10 MAP:[0.6719546470530331, 0.7513051479645073, 0.7948956001996994, 0.8028431146517396, 0.8082061905637383] Best MAP: [0.70747158 0.7736061  0.81586791 0.82387889 0.83163123]
2024-03-11 20:11:59,749 - root - INFO - Sequential epoch:16 dataset:cifar10 MAP:[0.6798819680325687, 0.7553110120221972, 0.7955146475024522, 0.799434033729136, 0.803851264975965] Best MAP: [0.70747158 0.7736061  0.81586791 0.82387889 0.83163123]
2024-03-11 20:13:19,622 - root - INFO - Sequential epoch:20 dataset:cifar10 MAP:[0.6622327524237335, 0.7431260029859841, 0.7845633811689914, 0.7912645567767322, 0.7944535799808801] Best MAP: [0.70747158 0.7736061  0.81586791 0.82387889 0.83163123]
2024-03-11 20:14:39,765 - root - INFO - Sequential epoch:24 dataset:cifar10 MAP:[0.6581068914756179, 0.7408905700258911, 0.7785017478950321, 0.7832525237426162, 0.786283056564629] Best MAP: [0.70747158 0.7736061  0.81586791 0.82387889 0.83163123]
