2024-02-09 17:48:42,309 - root - INFO - Sequential epoch:10 dataset:imagenet MAP:[0.808673520390093, 0.8550090231217493, 0.8710004752428735] Best MAP: [0.80867352 0.85500902 0.87100048]
2024-02-09 18:08:41,588 - root - INFO - Sequential epoch:20 dataset:imagenet MAP:[0.823534801137613, 0.8653339643303445, 0.8815968432283682] Best MAP: [0.8235348  0.86533396 0.88159684]
2024-02-09 18:28:28,522 - root - INFO - Sequential epoch:30 dataset:imagenet MAP:[0.8248979253892085, 0.8655679380782806, 0.881342013339975] Best MAP: [0.82489793 0.86556794 0.88159684]
2024-02-09 18:48:21,749 - root - INFO - Sequential epoch:40 dataset:imagenet MAP:[0.8217149814647282, 0.8586084330879814, 0.8714135376049158] Best MAP: [0.82489793 0.86556794 0.88159684]
2024-02-09 19:07:39,478 - root - INFO - Sequential epoch:50 dataset:imagenet MAP:[0.8262401737847618, 0.856419293754223, 0.8724391515600278] Best MAP: [0.82624017 0.86556794 0.88159684]
2024-02-09 19:26:41,633 - root - INFO - Sequential epoch:60 dataset:imagenet MAP:[0.8227550534548196, 0.8547753925417914, 0.8702734329681232] Best MAP: [0.82624017 0.86556794 0.88159684]
2024-02-09 19:46:02,271 - root - INFO - Sequential epoch:70 dataset:imagenet MAP:[0.8215945676368228, 0.8495525303501594, 0.8642267597117196] Best MAP: [0.82624017 0.86556794 0.88159684]
2024-02-09 20:05:23,944 - root - INFO - Sequential epoch:80 dataset:imagenet MAP:[0.8215835991222377, 0.8505639185320699, 0.8612901729030713] Best MAP: [0.82624017 0.86556794 0.88159684]
2024-02-09 20:25:47,607 - root - INFO - Sequential epoch:90 dataset:imagenet MAP:[0.8149782747203873, 0.8446448980965897, 0.8571351719233923] Best MAP: [0.82624017 0.86556794 0.88159684]
2024-02-21 19:42:16,750 - root - INFO - Sequential epoch:5 h_weight:tensor([2.0000, 0.5000, 0.0500], device='cuda:1') dataset:imagenet MAP:[0.7977833088744053, 0.8308493941358874, 0.8430260271735428] Best MAP: [0.79778331 0.83084939 0.84302603]
2024-02-21 19:59:41,085 - root - INFO - Sequential epoch:10 h_weight:tensor([2.0000, 0.5000, 0.0500], device='cuda:1') dataset:imagenet MAP:[0.8341877016673614, 0.8638519015630852, 0.8739970889696109] Best MAP: [0.8341877  0.8638519  0.87399709]
2024-02-21 20:16:09,601 - root - INFO - Sequential epoch:15 h_weight:tensor([2.0000, 0.5000, 0.0500], device='cuda:1') dataset:imagenet MAP:[0.8410347785877959, 0.8701362916116449, 0.880763971356195] Best MAP: [0.84103478 0.87013629 0.88076397]
2024-02-21 20:33:51,910 - root - INFO - Sequential epoch:20 h_weight:tensor([2.0000, 0.5000, 0.0500], device='cuda:1') dataset:imagenet MAP:[0.8413195811787295, 0.8708885317465612, 0.8810388837986173] Best MAP: [0.84131958 0.87088853 0.88103888]
2024-02-21 20:51:33,349 - root - INFO - Sequential epoch:25 h_weight:tensor([2.0000, 0.5000, 0.0500], device='cuda:1') dataset:imagenet MAP:[0.8387121242983788, 0.8707017653688391, 0.8814775608598362] Best MAP: [0.84131958 0.87088853 0.88147756]
2024-02-21 21:07:20,896 - root - INFO - Sequential epoch:30 h_weight:tensor([2.0000, 0.5000, 0.0500], device='cuda:1') dataset:imagenet MAP:[0.8406097496940218, 0.8668149057117587, 0.8788631318250105] Best MAP: [0.84131958 0.87088853 0.88147756]
2024-02-21 21:23:14,348 - root - INFO - Sequential epoch:35 h_weight:tensor([2.0000, 0.5000, 0.0500], device='cuda:1') dataset:imagenet MAP:[0.8403623880076686, 0.8675498531072772, 0.8792400965882685] Best MAP: [0.84131958 0.87088853 0.88147756]
2024-02-21 21:38:48,397 - root - INFO - Sequential epoch:40 h_weight:tensor([2.0000, 0.5000, 0.0500], device='cuda:1') dataset:imagenet MAP:[0.8359135111379792, 0.8641704818098176, 0.8737854530141247] Best MAP: [0.84131958 0.87088853 0.88147756]
2024-02-21 21:56:35,073 - root - INFO - Sequential epoch:45 h_weight:tensor([2.0000, 0.5000, 0.0500], device='cuda:1') dataset:imagenet MAP:[0.8406949523457804, 0.8642210111662434, 0.8765424360947415] Best MAP: [0.84131958 0.87088853 0.88147756]
2024-02-21 22:15:07,862 - root - INFO - Sequential epoch:5 h_weight:tensor([3.0000, 0.5000, 0.0300], device='cuda:1') dataset:imagenet MAP:[0.7808070519875319, 0.8228654824346707, 0.8392003835880844] Best MAP: [0.78080705 0.82286548 0.83920038]
2024-02-21 22:32:50,389 - root - INFO - Sequential epoch:10 h_weight:tensor([3.0000, 0.5000, 0.0300], device='cuda:1') dataset:imagenet MAP:[0.8136152925989438, 0.8584087276173997, 0.8692323592291954] Best MAP: [0.81361529 0.85840873 0.86923236]
2024-02-21 22:50:28,247 - root - INFO - Sequential epoch:15 h_weight:tensor([3.0000, 0.5000, 0.0300], device='cuda:1') dataset:imagenet MAP:[0.8244988485363034, 0.8706180223858768, 0.8790746356199294] Best MAP: [0.82449885 0.87061802 0.87907464]
2024-02-21 23:10:20,809 - root - INFO - Sequential epoch:20 h_weight:tensor([3.0000, 0.5000, 0.0300], device='cuda:1') dataset:imagenet MAP:[0.8251058710485196, 0.8729056354024564, 0.8813448782517873] Best MAP: [0.82510587 0.87290564 0.88134488]
2024-02-21 23:29:27,358 - root - INFO - Sequential epoch:25 h_weight:tensor([3.0000, 0.5000, 0.0300], device='cuda:1') dataset:imagenet MAP:[0.8264366606578153, 0.8699053282828134, 0.8820975056960436] Best MAP: [0.82643666 0.87290564 0.88209751]
2024-02-21 23:48:12,643 - root - INFO - Sequential epoch:30 h_weight:tensor([3.0000, 0.5000, 0.0300], device='cuda:1') dataset:imagenet MAP:[0.8285684093705273, 0.873672074469803, 0.8853131874976176] Best MAP: [0.82856841 0.87367207 0.88531319]
2024-02-22 00:06:19,833 - root - INFO - Sequential epoch:35 h_weight:tensor([3.0000, 0.5000, 0.0300], device='cuda:1') dataset:imagenet MAP:[0.8272007773176738, 0.8728547077407904, 0.8821425911515393] Best MAP: [0.82856841 0.87367207 0.88531319]
2024-02-22 00:24:03,912 - root - INFO - Sequential epoch:40 h_weight:tensor([3.0000, 0.5000, 0.0300], device='cuda:1') dataset:imagenet MAP:[0.8235705079427175, 0.8691876278523183, 0.8798640234805429] Best MAP: [0.82856841 0.87367207 0.88531319]
2024-02-22 00:43:14,749 - root - INFO - Sequential epoch:45 h_weight:tensor([3.0000, 0.5000, 0.0300], device='cuda:1') dataset:imagenet MAP:[0.8233177869625957, 0.8652564290854782, 0.87917794179502] Best MAP: [0.82856841 0.87367207 0.88531319]
2024-02-22 01:01:57,921 - root - INFO - Sequential epoch:50 h_weight:tensor([3.0000, 0.5000, 0.0300], device='cuda:1') dataset:imagenet MAP:[0.8258667361026797, 0.8667512250808189, 0.8812834602335397] Best MAP: [0.82856841 0.87367207 0.88531319]
2024-02-22 01:21:51,144 - root - INFO - Sequential epoch:5 h_weight:tensor([5.0000, 0.5000, 0.0100], device='cuda:1') dataset:imagenet MAP:[0.7922204823036162, 0.8125192121337416, 0.8323418778145213] Best MAP: [0.79222048 0.81251921 0.83234188]
2024-02-22 01:41:05,690 - root - INFO - Sequential epoch:10 h_weight:tensor([5.0000, 0.5000, 0.0100], device='cuda:1') dataset:imagenet MAP:[0.8311035372160593, 0.8509193411895365, 0.8636706835749776] Best MAP: [0.83110354 0.85091934 0.86367068]
2024-02-22 02:00:24,129 - root - INFO - Sequential epoch:15 h_weight:tensor([5.0000, 0.5000, 0.0100], device='cuda:1') dataset:imagenet MAP:[0.8413558347777577, 0.863713635157792, 0.8749675913494777] Best MAP: [0.84135583 0.86371364 0.87496759]
2024-02-22 02:19:30,788 - root - INFO - Sequential epoch:20 h_weight:tensor([5.0000, 0.5000, 0.0100], device='cuda:1') dataset:imagenet MAP:[0.8416173678076301, 0.8667679999055609, 0.8765233673307162] Best MAP: [0.84161737 0.866768   0.87652337]
2024-02-22 02:38:45,396 - root - INFO - Sequential epoch:25 h_weight:tensor([5.0000, 0.5000, 0.0100], device='cuda:1') dataset:imagenet MAP:[0.8415840138232841, 0.8694418624864314, 0.8789514210857704] Best MAP: [0.84161737 0.86944186 0.87895142]
2024-02-22 02:58:01,671 - root - INFO - Sequential epoch:30 h_weight:tensor([5.0000, 0.5000, 0.0100], device='cuda:1') dataset:imagenet MAP:[0.8438274744392975, 0.8702767747999797, 0.8810177282683191] Best MAP: [0.84382747 0.87027677 0.88101773]
2024-02-22 03:17:46,675 - root - INFO - Sequential epoch:35 h_weight:tensor([5.0000, 0.5000, 0.0100], device='cuda:1') dataset:imagenet MAP:[0.845974243588203, 0.8708636980160782, 0.8824785073262544] Best MAP: [0.84597424 0.8708637  0.88247851]
2024-02-22 03:36:50,040 - root - INFO - Sequential epoch:40 h_weight:tensor([5.0000, 0.5000, 0.0100], device='cuda:1') dataset:imagenet MAP:[0.8413344079457835, 0.8673330902325522, 0.8791501264882392] Best MAP: [0.84597424 0.8708637  0.88247851]
2024-02-22 03:55:58,498 - root - INFO - Sequential epoch:45 h_weight:tensor([5.0000, 0.5000, 0.0100], device='cuda:1') dataset:imagenet MAP:[0.8413627758443032, 0.8674262368849013, 0.8810679006178042] Best MAP: [0.84597424 0.8708637  0.88247851]
2024-02-22 04:13:23,310 - root - INFO - Sequential epoch:50 h_weight:tensor([5.0000, 0.5000, 0.0100], device='cuda:1') dataset:imagenet MAP:[0.8402444258290601, 0.8636607785850114, 0.8763486598925647] Best MAP: [0.84597424 0.8708637  0.88247851]
2024-02-22 04:30:42,750 - root - INFO - Sequential epoch:55 h_weight:tensor([5.0000, 0.5000, 0.0100], device='cuda:1') dataset:imagenet MAP:[0.8377341201110238, 0.8633500956989455, 0.8764929266815127] Best MAP: [0.84597424 0.8708637  0.88247851]
