2024-03-12 16:14:11,991 - root - INFO - Sequential epoch:4 dataset:cifar10 MAP:[0.6360457418598234, 0.7413922165781259, 0.7935644120946527, 0.8074727555401623, 0.8173072633072734] Best MAP: [0.63604574 0.74139222 0.79356441 0.80747276 0.81730726]
2024-03-12 16:17:03,680 - root - INFO - Sequential epoch:8 dataset:cifar10 MAP:[0.6387317179776728, 0.7445326387248933, 0.7855307680703699, 0.7953769646398723, 0.8043892502337694] Best MAP: [0.63873172 0.74453264 0.79356441 0.80747276 0.81730726]
2024-03-12 16:22:33,303 - root - INFO - Sequential epoch:4 dataset:cifar10 MAP:[0.635258848387748, 0.7422891014888883, 0.7969946541972458, 0.8152547777034342, 0.827061014201492] Best MAP: [0.63525885 0.7422891  0.79699465 0.81525478 0.82706101]
2024-03-12 16:25:25,336 - root - INFO - Sequential epoch:8 dataset:cifar10 MAP:[0.6404762719273567, 0.746597367297858, 0.7981283083483577, 0.8078086102716625, 0.8162905962951481] Best MAP: [0.64047627 0.74659737 0.79812831 0.81525478 0.82706101]
2024-03-12 16:28:16,923 - root - INFO - Sequential epoch:12 dataset:cifar10 MAP:[0.6382800417430698, 0.7497013211175799, 0.7903964712396264, 0.7977359555847943, 0.8060216181389988] Best MAP: [0.64047627 0.74970132 0.79812831 0.81525478 0.82706101]
2024-03-12 16:34:04,186 - root - INFO - Sequential epoch:4 dataset:cifar10 MAP:[0.6365768108926714, 0.7437221983149648, 0.7969277604483068, 0.8089664258919657, 0.8183364738710225] Best MAP: [0.63657681 0.7437222  0.79692776 0.80896643 0.81833647]
2024-03-12 16:36:56,044 - root - INFO - Sequential epoch:8 dataset:cifar10 MAP:[0.6443137565329671, 0.7584624972641468, 0.80202684918046, 0.81091371717304, 0.8206223999373615] Best MAP: [0.64431376 0.7584625  0.80202685 0.81091372 0.8206224 ]
2024-03-12 16:39:47,888 - root - INFO - Sequential epoch:12 dataset:cifar10 MAP:[0.6326151794269681, 0.738238770853728, 0.782966586008668, 0.7905709710530937, 0.7965846846327186] Best MAP: [0.64431376 0.7584625  0.80202685 0.81091372 0.8206224 ]
2024-03-12 16:51:24,331 - root - INFO - Sequential epoch:4 dataset:cifar10 MAP:[0.7314281986355782, 0.7503565312884748, 0.7833970362208784, 0.8030231709517539, 0.8127179054357111] Best MAP: [0.7314282  0.75035653 0.78339704 0.80302317 0.81271791]
2024-03-12 16:54:16,754 - root - INFO - Sequential epoch:8 dataset:cifar10 MAP:[0.7580129925310611, 0.7720192416645586, 0.7913731782250106, 0.7983730071149766, 0.8026170677468181] Best MAP: [0.75801299 0.77201924 0.79137318 0.80302317 0.81271791]
2024-03-12 16:57:08,585 - root - INFO - Sequential epoch:12 dataset:cifar10 MAP:[0.748234619487077, 0.7641087158434093, 0.784546442553401, 0.7900855482332408, 0.7916698998250067] Best MAP: [0.75801299 0.77201924 0.79137318 0.80302317 0.81271791]
2024-03-12 17:00:00,556 - root - INFO - Sequential epoch:16 dataset:cifar10 MAP:[0.7585615305155515, 0.7731829103194177, 0.7908651916049421, 0.7960678551644087, 0.7993053763285279] Best MAP: [0.75856153 0.77318291 0.79137318 0.80302317 0.81271791]
2024-03-12 17:02:52,372 - root - INFO - Sequential epoch:20 dataset:cifar10 MAP:[0.7497005158811808, 0.7633162132911384, 0.7790729301832616, 0.7814357084855438, 0.7841954604946076] Best MAP: [0.75856153 0.77318291 0.79137318 0.80302317 0.81271791]
2024-03-12 17:42:01,732 - root - INFO - Sequential epoch:4 dataset:cifar10 MAP:[0.736006089117378, 0.7610834238566458, 0.7905609253682196, 0.8069452804923057, 0.8165819659382105] Best MAP: [0.73600609 0.76108342 0.79056093 0.80694528 0.81658197]
2024-03-12 17:44:52,964 - root - INFO - Sequential epoch:8 dataset:cifar10 MAP:[0.7728388459682465, 0.7859034906215966, 0.8102703842744231, 0.8196160831041635, 0.8272425025403499] Best MAP: [0.77283885 0.78590349 0.81027038 0.81961608 0.8272425 ]
2024-03-12 18:11:43,762 - root - INFO - Sequential epoch:4 dataset:cifar10 MAP:[0.7337224516123533, 0.7548427060507238, 0.7903915874287486, 0.8115136192403734, 0.8202860900461674] Best MAP: [0.73372245 0.75484271 0.79039159 0.81151362 0.82028609]
2024-03-12 18:14:35,713 - root - INFO - Sequential epoch:8 dataset:cifar10 MAP:[0.7573971197828651, 0.7770692629404367, 0.7960575143769384, 0.8023509006239474, 0.8086408474072814] Best MAP: [0.75739712 0.77706926 0.79605751 0.81151362 0.82028609]
2024-03-12 18:17:28,037 - root - INFO - Sequential epoch:12 dataset:cifar10 MAP:[0.7475010260865093, 0.7626113223358989, 0.7827313394546509, 0.7894225815683603, 0.7939390608817339] Best MAP: [0.75739712 0.77706926 0.79605751 0.81151362 0.82028609]
2024-03-12 18:20:20,029 - root - INFO - Sequential epoch:16 dataset:cifar10 MAP:[0.7625594233311713, 0.7737097274586558, 0.7912737149894238, 0.7955961711145938, 0.7986729667931796] Best MAP: [0.76255942 0.77706926 0.79605751 0.81151362 0.82028609]
2024-03-12 18:23:12,254 - root - INFO - Sequential epoch:20 dataset:cifar10 MAP:[0.7579160167500377, 0.7691414409242571, 0.7875093244686723, 0.7918707039915025, 0.7944077596664428] Best MAP: [0.76255942 0.77706926 0.79605751 0.81151362 0.82028609]
2024-03-12 18:26:04,894 - root - INFO - Sequential epoch:24 dataset:cifar10 MAP:[0.7443412681184709, 0.7615255355760455, 0.7844970875643194, 0.7882490379363298, 0.7892892140932382] Best MAP: [0.76255942 0.77706926 0.79605751 0.81151362 0.82028609]
2024-03-12 18:28:56,639 - root - INFO - Sequential epoch:28 dataset:cifar10 MAP:[0.7516309201158583, 0.7661879628486932, 0.7903275552615523, 0.7941558147184551, 0.7971509440951049] Best MAP: [0.76255942 0.77706926 0.79605751 0.81151362 0.82028609]
2024-03-12 18:31:47,921 - root - INFO - Sequential epoch:32 dataset:cifar10 MAP:[0.7405290463604033, 0.750619598928839, 0.7678165329657495, 0.7701877518929541, 0.772193118903786] Best MAP: [0.76255942 0.77706926 0.79605751 0.81151362 0.82028609]
2024-03-12 21:01:46,217 - root - INFO - Sequential epoch:4 dataset:cifar10 MAP:[0.6245575605407357, 0.7342128015086055, 0.790020574554801, 0.8071483885422349, 0.8161374517790974] Best MAP: [0.62455756 0.7342128  0.79002057 0.80714839 0.81613745]
2024-03-12 21:19:32,581 - root - INFO - Sequential epoch:4 dataset:cifar10 MAP:[0.7016408952362836, 0.7564506038688124, 0.7927291464880108, 0.8049323653541506, 0.8122843171432614] Best MAP: [0.7016409  0.7564506  0.79272915 0.80493237 0.81228432]
2024-03-12 21:22:22,604 - root - INFO - Sequential epoch:8 dataset:cifar10 MAP:[0.754688362531364, 0.7684098130501806, 0.7893966969288886, 0.7984283958487213, 0.804763675749302] Best MAP: [0.75468836 0.76840981 0.79272915 0.80493237 0.81228432]
2024-03-12 21:25:12,461 - root - INFO - Sequential epoch:12 dataset:cifar10 MAP:[0.7566478718183934, 0.7671397993043065, 0.7841203867383302, 0.7922631791234016, 0.7982806534208358] Best MAP: [0.75664787 0.76840981 0.79272915 0.80493237 0.81228432]
2024-03-12 21:28:02,106 - root - INFO - Sequential epoch:16 dataset:cifar10 MAP:[0.750012237533927, 0.7587882696203887, 0.7778221363350749, 0.782923064738512, 0.7854384989589452] Best MAP: [0.75664787 0.76840981 0.79272915 0.80493237 0.81228432]
2024-03-12 21:32:41,405 - root - INFO - Sequential epoch:4 dataset:cifar10 MAP:[0.7081713132113219, 0.7559407479390502, 0.794520980887115, 0.8103256552666426, 0.8175796436928212] Best MAP: [0.70817131 0.75594075 0.79452098 0.81032566 0.81757964]
2024-03-12 21:35:30,689 - root - INFO - Sequential epoch:8 dataset:cifar10 MAP:[0.7651732955463231, 0.7726329794675112, 0.7901790376417339, 0.7985134988576174, 0.8055662529394031] Best MAP: [0.7651733  0.77263298 0.79452098 0.81032566 0.81757964]
2024-03-12 21:38:20,088 - root - INFO - Sequential epoch:12 dataset:cifar10 MAP:[0.7605835554003716, 0.7705248845256865, 0.7870040984638035, 0.7957417587153613, 0.7997818809263408] Best MAP: [0.7651733  0.77263298 0.79452098 0.81032566 0.81757964]
2024-03-12 21:41:09,746 - root - INFO - Sequential epoch:16 dataset:cifar10 MAP:[0.7628952050209046, 0.77075971852988, 0.7854695415459573, 0.7909566785469652, 0.7937578326649963] Best MAP: [0.7651733  0.77263298 0.79452098 0.81032566 0.81757964]
2024-03-12 21:44:00,193 - root - INFO - Sequential epoch:20 dataset:cifar10 MAP:[0.7441879771091044, 0.7520273247882724, 0.7709057552106678, 0.7749581400193274, 0.7778863698393107] Best MAP: [0.7651733  0.77263298 0.79452098 0.81032566 0.81757964]
2024-03-12 21:46:52,873 - root - INFO - Sequential epoch:24 dataset:cifar10 MAP:[0.752287957239896, 0.762117607023567, 0.7756436349861324, 0.7796527814157307, 0.7830050434730947] Best MAP: [0.7651733  0.77263298 0.79452098 0.81032566 0.81757964]
2024-03-13 12:31:23,355 - root - INFO - Sequential epoch:4 dataset:cifar10 MAP:[0.6287684783041477, 0.7211960398256779, 0.7763145737573505, 0.7950487358085812, 0.8046695978790521] Best MAP: [0.62876848 0.72119604 0.77631457 0.79504874 0.8046696 ]
2024-03-13 12:34:15,061 - root - INFO - Sequential epoch:8 dataset:cifar10 MAP:[0.7530613144524395, 0.7645809786394239, 0.7864839745983482, 0.7961073031388223, 0.8017685108706355] Best MAP: [0.75306131 0.76458098 0.78648397 0.7961073  0.8046696 ]
2024-03-13 12:37:06,947 - root - INFO - Sequential epoch:12 dataset:cifar10 MAP:[0.751847355183214, 0.7642392102740705, 0.7816520672105253, 0.7906641480475665, 0.7940328133143485] Best MAP: [0.75306131 0.76458098 0.78648397 0.7961073  0.8046696 ]
2024-03-13 12:42:19,944 - root - INFO - Sequential epoch:4 dataset:cifar10 MAP:[0.7362782520316541, 0.7712831800915301, 0.8085186138823628, 0.8233580827638507, 0.8341888139098883] Best MAP: [0.73627825 0.77128318 0.80851861 0.82335808 0.83418881]
2024-03-13 12:45:12,280 - root - INFO - Sequential epoch:8 dataset:cifar10 MAP:[0.7697833399027586, 0.7880211000107229, 0.8078901132047176, 0.81769180848822, 0.825333722602576] Best MAP: [0.76978334 0.7880211  0.80851861 0.82335808 0.83418881]
2024-03-13 12:48:04,595 - root - INFO - Sequential epoch:12 dataset:cifar10 MAP:[0.7764450812116265, 0.7845065484046936, 0.801717720836401, 0.8101463018804789, 0.814274090282619] Best MAP: [0.77644508 0.7880211  0.80851861 0.82335808 0.83418881]
2024-03-13 12:50:59,878 - root - INFO - Sequential epoch:16 dataset:cifar10 MAP:[0.7672904716022313, 0.7773239181041718, 0.7944733251519501, 0.7998011710010469, 0.8039971957877279] Best MAP: [0.77644508 0.7880211  0.80851861 0.82335808 0.83418881]
2024-03-13 12:53:55,147 - root - INFO - Sequential epoch:20 dataset:cifar10 MAP:[0.750960165284574, 0.7599732191823423, 0.7779302950240672, 0.7831876240931451, 0.785927291598171] Best MAP: [0.77644508 0.7880211  0.80851861 0.82335808 0.83418881]
2024-03-13 13:06:50,424 - root - INFO - Sequential epoch:4 dataset:cifar10 MAP:[0.6994437954388559, 0.7541710005067289, 0.803969921875745, 0.819667305521667, 0.8319211866781115] Best MAP: [0.6994438  0.754171   0.80396992 0.81966731 0.83192119]
2024-03-13 13:09:42,676 - root - INFO - Sequential epoch:8 dataset:cifar10 MAP:[0.7793576076366008, 0.7873467616997659, 0.8069556701928378, 0.8153292803615332, 0.8218998679444194] Best MAP: [0.77935761 0.78734676 0.80695567 0.81966731 0.83192119]
2024-03-13 13:12:37,435 - root - INFO - Sequential epoch:12 dataset:cifar10 MAP:[0.7804473417513073, 0.7904457425028085, 0.8133050321750342, 0.8185496684275567, 0.823659257054329] Best MAP: [0.78044734 0.79044574 0.81330503 0.81966731 0.83192119]
2024-03-13 13:15:31,152 - root - INFO - Sequential epoch:16 dataset:cifar10 MAP:[0.7671570019423961, 0.7783984747044742, 0.7963374221473932, 0.8030840963833034, 0.8069894475229085] Best MAP: [0.78044734 0.79044574 0.81330503 0.81966731 0.83192119]
2024-03-13 13:18:24,994 - root - INFO - Sequential epoch:20 dataset:cifar10 MAP:[0.7615411262363195, 0.7706705923676491, 0.7883205922842026, 0.7938387958817184, 0.79733304329589] Best MAP: [0.78044734 0.79044574 0.81330503 0.81966731 0.83192119]
2024-03-13 13:21:19,887 - root - INFO - Sequential epoch:24 dataset:cifar10 MAP:[0.7592800520770252, 0.7658517965376377, 0.7805745989903807, 0.7832061880119144, 0.7861378290727734] Best MAP: [0.78044734 0.79044574 0.81330503 0.81966731 0.83192119]
2024-03-13 13:24:14,548 - root - INFO - Sequential epoch:28 dataset:cifar10 MAP:[0.7675454939864575, 0.7755711093991995, 0.7932483915537596, 0.7959235843755305, 0.7986275122016668] Best MAP: [0.78044734 0.79044574 0.81330503 0.81966731 0.83192119]
2024-03-13 13:27:14,765 - root - INFO - Sequential epoch:4 dataset:cifar10 MAP:[0.6997145431712269, 0.7452244970016182, 0.7842619883567095, 0.7965878110341728, 0.8035853272303939] Best MAP: [0.69971454 0.7452245  0.78426199 0.79658781 0.80358533]
2024-03-13 13:30:06,090 - root - INFO - Sequential epoch:8 dataset:cifar10 MAP:[0.7384174435287714, 0.7522439184747637, 0.7766867257244885, 0.7867859587222338, 0.7932029458172619] Best MAP: [0.73841744 0.75224392 0.78426199 0.79658781 0.80358533]
2024-03-13 13:32:59,300 - root - INFO - Sequential epoch:12 dataset:cifar10 MAP:[0.7499430769830943, 0.7552928855940699, 0.7721710696294903, 0.7785582432895899, 0.7833198110349476] Best MAP: [0.74994308 0.75529289 0.78426199 0.79658781 0.80358533]
2024-03-13 13:35:53,889 - root - INFO - Sequential epoch:16 dataset:cifar10 MAP:[0.7466856378018856, 0.7531526997908949, 0.7724935849606991, 0.778656487248838, 0.780565720167011] Best MAP: [0.74994308 0.75529289 0.78426199 0.79658781 0.80358533]
2024-03-13 13:38:48,746 - root - INFO - Sequential epoch:20 dataset:cifar10 MAP:[0.7532296650521457, 0.761359048653394, 0.7805761596336961, 0.7830054923631251, 0.7867070166505873] Best MAP: [0.75322967 0.76135905 0.78426199 0.79658781 0.80358533]
2024-03-13 13:41:41,883 - root - INFO - Sequential epoch:24 dataset:cifar10 MAP:[0.7472643957957625, 0.7520197519138455, 0.7692062699422241, 0.7729041594639421, 0.7764591399021447] Best MAP: [0.75322967 0.76135905 0.78426199 0.79658781 0.80358533]
2024-03-13 13:44:35,492 - root - INFO - Sequential epoch:28 dataset:cifar10 MAP:[0.752996039133519, 0.7580734263174236, 0.7730617014095187, 0.7786012076511979, 0.7806394821070135] Best MAP: [0.75322967 0.76135905 0.78426199 0.79658781 0.80358533]
2024-03-13 13:47:27,435 - root - INFO - Sequential epoch:32 dataset:cifar10 MAP:[0.7435609553195536, 0.750956085793674, 0.7703495811969042, 0.7738172813653946, 0.7764797072708607] Best MAP: [0.75322967 0.76135905 0.78426199 0.79658781 0.80358533]
2024-03-13 13:50:19,488 - root - INFO - Sequential epoch:36 dataset:cifar10 MAP:[0.7428323425389827, 0.7491171593554318, 0.7658822252824903, 0.7706489415131509, 0.7720797896757722] Best MAP: [0.75322967 0.76135905 0.78426199 0.79658781 0.80358533]
2024-03-13 13:53:20,345 - root - INFO - Sequential epoch:4 dataset:cifar10 MAP:[0.7244527768418193, 0.7648879585154355, 0.8010178570114076, 0.8135178604274989, 0.8256074017547071] Best MAP: [0.72445278 0.76488796 0.80101786 0.81351786 0.8256074 ]
2024-03-13 13:56:13,196 - root - INFO - Sequential epoch:8 dataset:cifar10 MAP:[0.7529756991900504, 0.764783987801522, 0.7882143062464892, 0.8003864914998412, 0.8080560274720192] Best MAP: [0.7529757  0.76488796 0.80101786 0.81351786 0.8256074 ]
2024-03-13 13:59:05,259 - root - INFO - Sequential epoch:12 dataset:cifar10 MAP:[0.765959778111428, 0.7752031184509397, 0.7928194566220045, 0.7995492123402655, 0.8039664990529418] Best MAP: [0.76595978 0.77520312 0.80101786 0.81351786 0.8256074 ]
2024-03-13 14:01:58,096 - root - INFO - Sequential epoch:16 dataset:cifar10 MAP:[0.7645381264016032, 0.7718035636171698, 0.7885756174586713, 0.7949851529598236, 0.7976435211524368] Best MAP: [0.76595978 0.77520312 0.80101786 0.81351786 0.8256074 ]
2024-03-13 14:04:52,271 - root - INFO - Sequential epoch:20 dataset:cifar10 MAP:[0.7539898183755577, 0.7593696681931615, 0.7763569496013224, 0.7818461741767824, 0.7849887470528484] Best MAP: [0.76595978 0.77520312 0.80101786 0.81351786 0.8256074 ]
2024-03-13 14:07:46,630 - root - INFO - Sequential epoch:24 dataset:cifar10 MAP:[0.7659236809201538, 0.7683049236685038, 0.7839898148067296, 0.7883596390597523, 0.7912903319261968] Best MAP: [0.76595978 0.77520312 0.80101786 0.81351786 0.8256074 ]
2024-03-13 14:10:40,404 - root - INFO - Sequential epoch:28 dataset:cifar10 MAP:[0.7698289328999818, 0.7799534443765879, 0.7960643896386027, 0.8004913846477866, 0.8020240932330489] Best MAP: [0.76982893 0.77995344 0.80101786 0.81351786 0.8256074 ]
2024-03-13 14:13:32,993 - root - INFO - Sequential epoch:32 dataset:cifar10 MAP:[0.7577839302644134, 0.7647993192709982, 0.7804669409170747, 0.7837923119328916, 0.7861683483012021] Best MAP: [0.76982893 0.77995344 0.80101786 0.81351786 0.8256074 ]
2024-03-13 14:16:25,805 - root - INFO - Sequential epoch:36 dataset:cifar10 MAP:[0.7543032719045878, 0.759335577916354, 0.7731606106422841, 0.7778698929920792, 0.7799230297207832] Best MAP: [0.76982893 0.77995344 0.80101786 0.81351786 0.8256074 ]
2024-03-13 14:19:18,708 - root - INFO - Sequential epoch:40 dataset:cifar10 MAP:[0.773517777889967, 0.7824194807484746, 0.797057161372155, 0.8002042798399925, 0.8027641329504549] Best MAP: [0.77351778 0.78241948 0.80101786 0.81351786 0.8256074 ]
2024-03-13 14:22:11,762 - root - INFO - Sequential epoch:44 dataset:cifar10 MAP:[0.7627107421420515, 0.7691745628230273, 0.7804820857197047, 0.7854912637881935, 0.7868868619799614] Best MAP: [0.77351778 0.78241948 0.80101786 0.81351786 0.8256074 ]
2024-03-13 14:25:03,814 - root - INFO - Sequential epoch:48 dataset:cifar10 MAP:[0.7505772214271128, 0.7588265312314033, 0.7760538797862828, 0.7791525580324232, 0.7811328261196613] Best MAP: [0.77351778 0.78241948 0.80101786 0.81351786 0.8256074 ]
2024-03-13 14:27:57,089 - root - INFO - Sequential epoch:52 dataset:cifar10 MAP:[0.7647826899625361, 0.7708923339471221, 0.7836322256363928, 0.7882179844677448, 0.7906663684472441] Best MAP: [0.77351778 0.78241948 0.80101786 0.81351786 0.8256074 ]
2024-03-13 14:30:50,504 - root - INFO - Sequential epoch:56 dataset:cifar10 MAP:[0.7562977925650776, 0.7611850928515196, 0.7751020497083664, 0.778108536336571, 0.7801505105048419] Best MAP: [0.77351778 0.78241948 0.80101786 0.81351786 0.8256074 ]
2024-03-13 14:33:51,912 - root - INFO - Sequential epoch:4 dataset:cifar10 MAP:[0.6976559989564121, 0.7464855959676207, 0.7851776543334127, 0.8023109779022634, 0.8120401244796812] Best MAP: [0.697656   0.7464856  0.78517765 0.80231098 0.81204012]
2024-03-13 14:36:43,634 - root - INFO - Sequential epoch:8 dataset:cifar10 MAP:[0.7421034250482916, 0.7544846196062863, 0.7795014663487673, 0.7902313849329948, 0.7999308675043285] Best MAP: [0.74210343 0.75448462 0.78517765 0.80231098 0.81204012]
2024-03-13 14:39:36,107 - root - INFO - Sequential epoch:12 dataset:cifar10 MAP:[0.7450186761803925, 0.753492031738162, 0.7721465199328958, 0.7789042481072247, 0.7837595943324268] Best MAP: [0.74501868 0.75448462 0.78517765 0.80231098 0.81204012]
2024-03-13 14:42:27,728 - root - INFO - Sequential epoch:16 dataset:cifar10 MAP:[0.7334591877311468, 0.7423783137947321, 0.7608083259016275, 0.7653258589096368, 0.7683536780625582] Best MAP: [0.74501868 0.75448462 0.78517765 0.80231098 0.81204012]
2024-03-13 14:45:19,831 - root - INFO - Sequential epoch:20 dataset:cifar10 MAP:[0.7410160286836326, 0.7533452266678214, 0.7708087099604308, 0.7784500446394086, 0.7809499694146216] Best MAP: [0.74501868 0.75448462 0.78517765 0.80231098 0.81204012]
2024-03-13 14:48:11,648 - root - INFO - Sequential epoch:24 dataset:cifar10 MAP:[0.7361242513172328, 0.7447396937459707, 0.7640936961583793, 0.7699162019379437, 0.7721262741684913] Best MAP: [0.74501868 0.75448462 0.78517765 0.80231098 0.81204012]
2024-03-13 14:51:02,362 - root - INFO - Sequential epoch:28 dataset:cifar10 MAP:[0.7583664375282824, 0.7695568969585002, 0.7874908780679106, 0.7926165977679193, 0.7949967008121311] Best MAP: [0.75836644 0.7695569  0.78749088 0.80231098 0.81204012]
2024-03-13 14:53:55,583 - root - INFO - Sequential epoch:32 dataset:cifar10 MAP:[0.7378278111852705, 0.7469410345070064, 0.7629182407185435, 0.7668108164146542, 0.7691516183875501] Best MAP: [0.75836644 0.7695569  0.78749088 0.80231098 0.81204012]
2024-03-13 14:56:48,253 - root - INFO - Sequential epoch:36 dataset:cifar10 MAP:[0.7221540102809667, 0.7294925562627613, 0.7464293559081853, 0.751567450415343, 0.7546491980589927] Best MAP: [0.75836644 0.7695569  0.78749088 0.80231098 0.81204012]
2024-03-13 14:59:40,025 - root - INFO - Sequential epoch:40 dataset:cifar10 MAP:[0.7367466262504458, 0.7407378550022841, 0.7541758405268192, 0.7576085240617394, 0.7600218480452895] Best MAP: [0.75836644 0.7695569  0.78749088 0.80231098 0.81204012]
2024-03-13 15:04:57,721 - root - INFO - Sequential epoch:4 dataset:cifar10 MAP:[0.7356548320390284, 0.7687975034192205, 0.799435422156006, 0.8103693842589855, 0.8213335642963648] Best MAP: [0.73565483 0.7687975  0.79943542 0.81036938 0.82133356]
2024-03-13 15:07:51,755 - root - INFO - Sequential epoch:8 dataset:cifar10 MAP:[0.7729293016754091, 0.784938127297908, 0.8088804673142731, 0.8181763700842858, 0.8241550082191825] Best MAP: [0.7729293  0.78493813 0.80888047 0.81817637 0.82415501]
2024-03-13 15:10:44,810 - root - INFO - Sequential epoch:12 dataset:cifar10 MAP:[0.7681621726639569, 0.7774217272438109, 0.7968978834934533, 0.8035675533227622, 0.8062660180255771] Best MAP: [0.7729293  0.78493813 0.80888047 0.81817637 0.82415501]
2024-03-13 15:13:39,449 - root - INFO - Sequential epoch:16 dataset:cifar10 MAP:[0.7696067309267819, 0.7769362532533706, 0.7947129414267838, 0.7993985557556152, 0.8017942941822112] Best MAP: [0.7729293  0.78493813 0.80888047 0.81817637 0.82415501]
2024-03-13 15:16:32,172 - root - INFO - Sequential epoch:20 dataset:cifar10 MAP:[0.7638969079628587, 0.7699058393687009, 0.7849060444645584, 0.7912004564255476, 0.7937383154928684] Best MAP: [0.7729293  0.78493813 0.80888047 0.81817637 0.82415501]
2024-03-13 15:19:25,299 - root - INFO - Sequential epoch:24 dataset:cifar10 MAP:[0.7637042694017291, 0.7720325241200626, 0.7884298808090389, 0.794341606810689, 0.7966009923033416] Best MAP: [0.7729293  0.78493813 0.80888047 0.81817637 0.82415501]
