2024-02-12 11:22:26,438 - root - INFO - Sequential epoch:5 dataset:imagenet MAP:[0.759890935547753, 0.8153618734965905, 0.844444282128132] Best MAP: [0.75989094 0.81536187 0.84444428]
2024-02-12 11:38:03,547 - root - INFO - Sequential epoch:10 dataset:imagenet MAP:[0.8233384894628145, 0.8624756141218489, 0.8826379346554991] Best MAP: [0.82333849 0.86247561 0.88263793]
2024-02-12 11:52:13,937 - root - INFO - Sequential epoch:15 dataset:imagenet MAP:[0.8383272197629682, 0.8743381857288228, 0.8884683378693415] Best MAP: [0.83832722 0.87433819 0.88846834]
2024-02-12 12:06:19,383 - root - INFO - Sequential epoch:20 dataset:imagenet MAP:[0.8439153389815903, 0.8699227705956828, 0.8857774780503609] Best MAP: [0.84391534 0.87433819 0.88846834]
2024-02-12 12:20:28,979 - root - INFO - Sequential epoch:25 dataset:imagenet MAP:[0.8406465463538326, 0.8683629872884374, 0.8829084142050235] Best MAP: [0.84391534 0.87433819 0.88846834]
2024-02-12 12:35:58,509 - root - INFO - Sequential epoch:30 dataset:imagenet MAP:[0.843913074047025, 0.8670544540284478, 0.8803716858855136] Best MAP: [0.84391534 0.87433819 0.88846834]
2024-02-12 12:50:12,030 - root - INFO - Sequential epoch:35 dataset:imagenet MAP:[0.8353972849545087, 0.8627958913208286, 0.8737534910863813] Best MAP: [0.84391534 0.87433819 0.88846834]
2024-02-12 13:04:29,006 - root - INFO - Sequential epoch:40 dataset:imagenet MAP:[0.8344361681978646, 0.8572796287043595, 0.869480230320622] Best MAP: [0.84391534 0.87433819 0.88846834]
2024-02-15 21:51:03,939 - root - INFO - Sequential epoch:5 h_weight:tensor([2.0000, 1.5000, 1.0000], device='cuda:0') dataset:imagenet MAP:[0.7826421512259303, 0.6032347722960644, 0.7330587613778385] Best MAP: [0.78264215 0.60323477 0.73305876]
2024-02-15 22:06:44,223 - root - INFO - Sequential epoch:10 h_weight:tensor([2.0000, 1.5000, 1.0000], device='cuda:0') dataset:imagenet MAP:[0.8227073879803147, 0.6446853063438943, 0.7673498201326096] Best MAP: [0.82270739 0.64468531 0.76734982]
2024-02-15 22:22:15,801 - root - INFO - Sequential epoch:15 h_weight:tensor([2.0000, 1.5000, 1.0000], device='cuda:0') dataset:imagenet MAP:[0.8314345346566674, 0.6648649541190601, 0.7836559960078742] Best MAP: [0.83143453 0.66486495 0.783656  ]
2024-02-15 22:57:23,082 - root - INFO - Sequential epoch:10 h_weight:tensor([2.0000, 1.5000, 1.0000], device='cuda:0') dataset:imagenet MAP:[0.8262632711936921, 0.6397630927954516, 0.7800953793554166] Best MAP: [0.82626327 0.63976309 0.78009538]
2024-02-15 23:17:13,734 - root - INFO - Sequential epoch:20 h_weight:tensor([2.0000, 1.5000, 1.0000], device='cuda:0') dataset:imagenet MAP:[0.8454992998869547, 0.6696668180493842, 0.8003986803174616] Best MAP: [0.8454993  0.66966682 0.80039868]
2024-02-15 23:36:51,155 - root - INFO - Sequential epoch:30 h_weight:tensor([2.0000, 1.5000, 1.0000], device='cuda:0') dataset:imagenet MAP:[0.8501358987689825, 0.691546537196374, 0.8129499261087222] Best MAP: [0.8501359  0.69154654 0.81294993]
2024-02-15 23:56:04,289 - root - INFO - Sequential epoch:40 h_weight:tensor([2.0000, 1.5000, 1.0000], device='cuda:0') dataset:imagenet MAP:[0.8446871405315282, 0.8717248306095469, 0.8457395909683578] Best MAP: [0.8501359  0.87172483 0.84573959]
2024-02-16 00:15:21,366 - root - INFO - Sequential epoch:50 h_weight:tensor([2.0000, 1.5000, 1.0000], device='cuda:0') dataset:imagenet MAP:[0.8457474614702436, 0.8695223726479772, 0.8476923527323419] Best MAP: [0.8501359  0.87172483 0.84769235]
2024-02-16 00:34:52,771 - root - INFO - Sequential epoch:60 h_weight:tensor([2.0000, 1.5000, 1.0000], device='cuda:0') dataset:imagenet MAP:[0.8408947536104053, 0.8623033760488755, 0.8470187607202164] Best MAP: [0.8501359  0.87172483 0.84769235]
2024-02-16 00:55:41,559 - root - INFO - Sequential epoch:70 h_weight:tensor([2.0000, 1.5000, 1.0000], device='cuda:0') dataset:imagenet MAP:[0.8345609888939278, 0.8547221879572715, 0.8696826214186656] Best MAP: [0.8501359  0.87172483 0.86968262]
2024-02-16 01:14:54,406 - root - INFO - Sequential epoch:80 h_weight:tensor([2.0000, 1.5000, 1.0000], device='cuda:0') dataset:imagenet MAP:[0.8278329132141089, 0.8509370531427054, 0.8600561626209806] Best MAP: [0.8501359  0.87172483 0.86968262]
2024-02-16 01:35:24,035 - root - INFO - Sequential epoch:90 h_weight:tensor([2.0000, 1.5000, 1.0000], device='cuda:0') dataset:imagenet MAP:[0.8282731990469001, 0.8473080253149455, 0.8548390010410647] Best MAP: [0.8501359  0.87172483 0.86968262]
2024-02-16 01:54:21,269 - root - INFO - Sequential epoch:100 h_weight:tensor([2.0000, 1.5000, 1.0000], device='cuda:0') dataset:imagenet MAP:[0.8234201447417264, 0.8426882789778856, 0.8543935738219596] Best MAP: [0.8501359  0.87172483 0.86968262]
2024-02-16 02:13:20,700 - root - INFO - Sequential epoch:110 h_weight:tensor([2.0000, 1.5000, 1.0000], device='cuda:0') dataset:imagenet MAP:[0.8220024192528015, 0.8413567946133195, 0.8505444062084091] Best MAP: [0.8501359  0.87172483 0.86968262]
2024-02-16 11:28:39,961 - root - INFO - Sequential epoch:10 h_weight:tensor([2.0000, 1.5000, 1.0000], device='cuda:0') dataset:imagenet MAP:[0.8371484577840574, 0.8729314748116566, 0.8869097830178665] Best MAP: [0.83714846 0.87293147 0.88690978]
2024-02-16 11:47:32,123 - root - INFO - Sequential epoch:20 h_weight:tensor([2.0000, 1.5000, 1.0000], device='cuda:0') dataset:imagenet MAP:[0.8481319680461945, 0.8735016451315448, 0.8871336893708698] Best MAP: [0.84813197 0.87350165 0.88713369]
2024-02-16 12:06:53,073 - root - INFO - Sequential epoch:30 h_weight:tensor([2.0000, 1.5000, 1.0000], device='cuda:0') dataset:imagenet MAP:[0.8472030578795992, 0.8742882187893051, 0.8829866174579867] Best MAP: [0.84813197 0.87428822 0.88713369]
2024-02-16 12:26:40,164 - root - INFO - Sequential epoch:40 h_weight:tensor([2.0000, 1.5000, 1.0000], device='cuda:0') dataset:imagenet MAP:[0.8427237537157535, 0.8665335267865836, 0.8783815551150126] Best MAP: [0.84813197 0.87428822 0.88713369]
2024-02-16 12:46:58,178 - root - INFO - Sequential epoch:50 h_weight:tensor([2.0000, 1.5000, 1.0000], device='cuda:0') dataset:imagenet MAP:[0.8369638860588897, 0.8590822369995289, 0.872838862924144] Best MAP: [0.84813197 0.87428822 0.88713369]
2024-02-16 13:05:59,279 - root - INFO - Sequential epoch:60 h_weight:tensor([2.0000, 1.5000, 1.0000], device='cuda:0') dataset:imagenet MAP:[0.8400421159658276, 0.8605009142165599, 0.8723534481498396] Best MAP: [0.84813197 0.87428822 0.88713369]
2024-02-16 13:26:29,168 - root - INFO - Sequential epoch:70 h_weight:tensor([2.0000, 1.5000, 1.0000], device='cuda:0') dataset:imagenet MAP:[0.8328530407444655, 0.850779523752189, 0.862044592501039] Best MAP: [0.84813197 0.87428822 0.88713369]
2024-02-16 15:53:17,348 - root - INFO - Sequential epoch:10 h_weight:tensor([2.0000, 1.5000, 1.0000], device='cuda:0') dataset:imagenet MAP:[0.8320780753839939, 0.8754381079976014, 0.8887418879279559] Best MAP: [0.83207808 0.87543811 0.88874189]
2024-02-16 16:16:08,601 - root - INFO - Sequential epoch:20 h_weight:tensor([2.0000, 1.5000, 1.0000], device='cuda:0') dataset:imagenet MAP:[0.8460571749898002, 0.8775291870128602, 0.8882853530001706] Best MAP: [0.84605717 0.87752919 0.88874189]
2024-02-16 16:40:55,337 - root - INFO - Sequential epoch:10 h_weight:tensor([2.0000, 1.5000, 1.0000], device='cuda:0') dataset:imagenet MAP:[0.8340174755618985, 0.6493781140392126, 0.7735125358357362] Best MAP: [0.83401748 0.64937811 0.77351254]
2024-02-16 17:18:19,838 - root - INFO - Sequential epoch:10 h_weight:tensor([2.0000, 1.5000, 1.0000], device='cuda:0') dataset:imagenet MAP:[0.8268096962531366, 0.6444486931009994, 0.7743397317510662] Best MAP: [0.8268097  0.64444869 0.77433973]
2024-02-16 17:38:56,916 - root - INFO - Sequential epoch:20 h_weight:tensor([2.0000, 1.5000, 1.0000], device='cuda:0') dataset:imagenet MAP:[0.8466780553846877, 0.6751183903580502, 0.794939278958549] Best MAP: [0.84667806 0.67511839 0.79493928]
2024-02-16 17:58:01,916 - root - INFO - Sequential epoch:30 h_weight:tensor([2.0000, 1.5000, 1.0000], device='cuda:0') dataset:imagenet MAP:[0.8491690323124812, 0.6939092706303962, 0.8050993936118017] Best MAP: [0.84916903 0.69390927 0.80509939]
2024-02-16 18:17:00,326 - root - INFO - Sequential epoch:40 h_weight:tensor([2.0000, 1.5000, 1.0000], device='cuda:0') dataset:imagenet MAP:[0.8516181013422669, 0.709638470576306, 0.8137524377784277] Best MAP: [0.8516181  0.70963847 0.81375244]
2024-02-16 18:36:49,622 - root - INFO - Sequential epoch:50 h_weight:tensor([2.0000, 1.5000, 1.0000], device='cuda:0') dataset:imagenet MAP:[0.8472855834359251, 0.7208708125253457, 0.8161166398588081] Best MAP: [0.8516181  0.72087081 0.81611664]
2024-02-16 18:55:00,680 - root - INFO - Sequential epoch:60 h_weight:tensor([2.0000, 1.5000, 1.0000], device='cuda:0') dataset:imagenet MAP:[0.8464897900952836, 0.7290373399231227, 0.8175761284076862] Best MAP: [0.8516181  0.72903734 0.81757613]
2024-02-16 19:15:21,315 - root - INFO - Sequential epoch:70 h_weight:tensor([2.0000, 1.5000, 1.0000], device='cuda:0') dataset:imagenet MAP:[0.8469648307282152, 0.7398891382879098, 0.822771269891074] Best MAP: [0.8516181  0.73988914 0.82277127]
2024-02-16 19:34:09,254 - root - INFO - Sequential epoch:80 h_weight:tensor([2.0000, 1.5000, 1.0000], device='cuda:0') dataset:imagenet MAP:[0.8424783415494438, 0.7467590664310868, 0.8228897343630988] Best MAP: [0.8516181  0.74675907 0.82288973]
2024-02-16 19:52:50,188 - root - INFO - Sequential epoch:90 h_weight:tensor([2.0000, 1.5000, 1.0000], device='cuda:0') dataset:imagenet MAP:[0.8392184014815488, 0.7460255278354522, 0.8229038057320386] Best MAP: [0.8516181  0.74675907 0.82290381]
2024-02-16 20:11:43,092 - root - INFO - Sequential epoch:100 h_weight:tensor([2.0000, 1.5000, 1.0000], device='cuda:0') dataset:imagenet MAP:[0.8395398216354135, 0.7458061600381303, 0.8218446663813113] Best MAP: [0.8516181  0.74675907 0.82290381]
2024-02-16 20:31:03,593 - root - INFO - Sequential epoch:110 h_weight:tensor([2.0000, 1.5000, 1.0000], device='cuda:0') dataset:imagenet MAP:[0.8386142759952112, 0.7523352674934788, 0.8261193970115184] Best MAP: [0.8516181  0.75233527 0.8261194 ]
2024-02-16 20:50:07,076 - root - INFO - Sequential epoch:120 h_weight:tensor([2.0000, 1.5000, 1.0000], device='cuda:0') dataset:imagenet MAP:[0.8314802126917743, 0.7531893929612755, 0.8218511213588503] Best MAP: [0.8516181  0.75318939 0.8261194 ]
2024-02-16 21:10:20,138 - root - INFO - Sequential epoch:130 h_weight:tensor([2.0000, 1.5000, 1.0000], device='cuda:0') dataset:imagenet MAP:[0.8310416353166201, 0.7563153085672205, 0.8235693282394161] Best MAP: [0.8516181  0.75631531 0.8261194 ]
2024-02-16 21:29:11,217 - root - INFO - Sequential epoch:140 h_weight:tensor([2.0000, 1.5000, 1.0000], device='cuda:0') dataset:imagenet MAP:[0.8310851020608226, 0.7590566221079045, 0.8218667665357312] Best MAP: [0.8516181  0.75905662 0.8261194 ]
2024-02-16 21:47:37,864 - root - INFO - Sequential epoch:150 h_weight:tensor([2.0000, 1.5000, 1.0000], device='cuda:0') dataset:imagenet MAP:[0.8215855688017089, 0.7597741101424709, 0.8189945678255091] Best MAP: [0.8516181  0.75977411 0.8261194 ]
2024-02-16 22:06:18,313 - root - INFO - Sequential epoch:160 h_weight:tensor([2.0000, 1.5000, 1.0000], device='cuda:0') dataset:imagenet MAP:[0.823067146689189, 0.7610091496725174, 0.8217323139368268] Best MAP: [0.8516181  0.76100915 0.8261194 ]
2024-02-20 15:33:33,989 - root - INFO - Sequential epoch:10 h_weight:tensor([2.0000, 1.5000, 1.0000], device='cuda:0') dataset:imagenet MAP:[0.8305510573129519, 0.6370914892901849, 0.7744878465809275] Best MAP: [0.83055106 0.63709149 0.77448785]
2024-02-20 16:24:38,109 - root - INFO - Sequential epoch:10 h_weight:tensor([2.0000, 1.5000, 1.0000], device='cuda:0') dataset:imagenet MAP:[0.8101893385818284, 0.6437454140920986, 0.7747528845384192] Best MAP: [0.81018934 0.64374541 0.77475288]
2024-02-20 16:46:37,203 - root - INFO - Sequential epoch:10 bit:64 dataset:imagenet MAP:0.8272511844299626 Best MAP: 0.8272511844299626
2024-02-20 17:08:37,823 - root - INFO - Sequential epoch:10 bit:64 dataset:imagenet MAP:0.8347771856751551 Best MAP: 0.8347771856751551
2024-02-20 17:28:03,476 - root - INFO - Sequential epoch:10 bit:64 dataset:imagenet MAP:0.825267781760833 Best MAP: 0.825267781760833
2024-02-20 17:53:29,898 - root - INFO - ResNet epoch:10 bit:64 dataset:imagenet MAP:0.870221885480191 Best MAP: 0.870221885480191
2024-02-20 18:09:08,107 - root - INFO - ResNet epoch:20 bit:64 dataset:imagenet MAP:0.8896776607311074 Best MAP: 0.8896776607311074
2024-02-20 18:24:55,798 - root - INFO - ResNet epoch:30 bit:64 dataset:imagenet MAP:0.8917298387381505 Best MAP: 0.8917298387381505
2024-02-20 18:40:47,777 - root - INFO - ResNet epoch:40 bit:64 dataset:imagenet MAP:0.8923781825541717 Best MAP: 0.8923781825541717
2024-02-20 19:13:03,730 - root - INFO - ResNet_f epoch:10 bit:64 dataset:imagenet MAP:0.8242083105274806 Best MAP: 0.8242083105274806
