2024-03-04 17:08:52,667 - root - INFO - Sequential epoch:2 h_weight:tensor([2.0000, 1.5000, 1.0000], device='cuda:0') dataset:cifar10 MAP:[0.6324437041282653, 0.6515597210973502, 0.6641312629915774] Best MAP: [0.6324437  0.65155972 0.66413126]
2024-03-04 17:09:47,741 - root - INFO - Sequential epoch:4 h_weight:tensor([2.0000, 1.5000, 1.0000], device='cuda:0') dataset:cifar10 MAP:[0.7985564647950232, 0.8085887615345418, 0.8287890066206455] Best MAP: [0.79855646 0.80858876 0.82878901]
2024-03-04 17:10:47,874 - root - INFO - Sequential epoch:6 h_weight:tensor([2.0000, 1.5000, 1.0000], device='cuda:0') dataset:cifar10 MAP:[0.8097405193783342, 0.8177598260082305, 0.8313022026866674] Best MAP: [0.80974052 0.81775983 0.8313022 ]
2024-03-04 17:11:49,756 - root - INFO - Sequential epoch:8 h_weight:tensor([2.0000, 1.5000, 1.0000], device='cuda:0') dataset:cifar10 MAP:[0.8055812508016825, 0.8079897011220455, 0.8157378536984324] Best MAP: [0.80974052 0.81775983 0.8313022 ]
2024-03-04 17:12:47,228 - root - INFO - Sequential epoch:10 h_weight:tensor([2.0000, 1.5000, 1.0000], device='cuda:0') dataset:cifar10 MAP:[0.8071064034476876, 0.8129463261291384, 0.8199979965463281] Best MAP: [0.80974052 0.81775983 0.8313022 ]
2024-03-04 17:13:43,906 - root - INFO - Sequential epoch:12 h_weight:tensor([2.0000, 1.5000, 1.0000], device='cuda:0') dataset:cifar10 MAP:[0.8052791128493846, 0.8110945290587842, 0.8165236982889473] Best MAP: [0.80974052 0.81775983 0.8313022 ]
2024-03-04 17:14:40,192 - root - INFO - Sequential epoch:14 h_weight:tensor([2.0000, 1.5000, 1.0000], device='cuda:0') dataset:cifar10 MAP:[0.802524083275348, 0.8073422756232321, 0.8138088688515127] Best MAP: [0.80974052 0.81775983 0.8313022 ]
2024-03-04 17:42:32,929 - root - INFO - Sequential epoch:2 h_weight:tensor([2.0000, 1.5000, 1.0000], device='cuda:0') dataset:cifar10 MAP:[0.6062985890358686, 0.6155976374559105, 0.6241501226872206] Best MAP: [0.60629859 0.61559764 0.62415012]
2024-03-04 17:43:23,057 - root - INFO - Sequential epoch:4 h_weight:tensor([2.0000, 1.5000, 1.0000], device='cuda:0') dataset:cifar10 MAP:[0.7779361417666077, 0.790268288820982, 0.8025949811562896] Best MAP: [0.77793614 0.79026829 0.80259498]
2024-03-04 17:44:12,752 - root - INFO - Sequential epoch:6 h_weight:tensor([2.0000, 1.5000, 1.0000], device='cuda:0') dataset:cifar10 MAP:[0.7882632581442595, 0.7946329462006688, 0.8086082271263003] Best MAP: [0.78826326 0.79463295 0.80860823]
2024-03-04 17:45:03,043 - root - INFO - Sequential epoch:8 h_weight:tensor([2.0000, 1.5000, 1.0000], device='cuda:0') dataset:cifar10 MAP:[0.7969060085080564, 0.8019622770547867, 0.8104698157534004] Best MAP: [0.79690601 0.80196228 0.81046982]
2024-03-04 17:45:53,572 - root - INFO - Sequential epoch:10 h_weight:tensor([2.0000, 1.5000, 1.0000], device='cuda:0') dataset:cifar10 MAP:[0.7862345855049789, 0.7919085488803684, 0.7983410546779632] Best MAP: [0.79690601 0.80196228 0.81046982]
2024-03-04 17:46:43,969 - root - INFO - Sequential epoch:12 h_weight:tensor([2.0000, 1.5000, 1.0000], device='cuda:0') dataset:cifar10 MAP:[0.7930706980153919, 0.7965500190481544, 0.803454492803663] Best MAP: [0.79690601 0.80196228 0.81046982]
2024-03-04 17:47:34,514 - root - INFO - Sequential epoch:14 h_weight:tensor([2.0000, 1.5000, 1.0000], device='cuda:0') dataset:cifar10 MAP:[0.779563288602978, 0.7843563171364367, 0.7896348528489471] Best MAP: [0.79690601 0.80196228 0.81046982]
2024-03-04 17:48:24,953 - root - INFO - Sequential epoch:16 h_weight:tensor([2.0000, 1.5000, 1.0000], device='cuda:0') dataset:cifar10 MAP:[0.7775930006429553, 0.7806770914979279, 0.7844025234133005] Best MAP: [0.79690601 0.80196228 0.81046982]
2024-03-04 19:10:30,866 - root - INFO - Sequential epoch:2 h_weight:tensor([2.0000, 1.5000, 1.0000], device='cuda:0') dataset:cifar10 MAP:[0.6283555177897215, 0.6409481131732464, 0.6464751219376922] Best MAP: [0.62835552 0.64094811 0.64647512]
2024-03-04 19:11:21,692 - root - INFO - Sequential epoch:4 h_weight:tensor([2.0000, 1.5000, 1.0000], device='cuda:0') dataset:cifar10 MAP:[0.7869512429758906, 0.799337880589068, 0.8162590754888952] Best MAP: [0.78695124 0.79933788 0.81625908]
2024-03-04 19:12:14,665 - root - INFO - Sequential epoch:6 h_weight:tensor([2.0000, 1.5000, 1.0000], device='cuda:0') dataset:cifar10 MAP:[0.7959172578938305, 0.8057884671613574, 0.8168871681839228] Best MAP: [0.79591726 0.80578847 0.81688717]
2024-03-04 19:13:07,065 - root - INFO - Sequential epoch:8 h_weight:tensor([2.0000, 1.5000, 1.0000], device='cuda:0') dataset:cifar10 MAP:[0.8004531832002103, 0.8076543361283839, 0.8161425698027015] Best MAP: [0.80045318 0.80765434 0.81688717]
2024-03-04 19:13:57,617 - root - INFO - Sequential epoch:10 h_weight:tensor([2.0000, 1.5000, 1.0000], device='cuda:0') dataset:cifar10 MAP:[0.7952015670202672, 0.800917532287538, 0.8063710917271674] Best MAP: [0.80045318 0.80765434 0.81688717]
2024-03-04 19:14:47,871 - root - INFO - Sequential epoch:12 h_weight:tensor([2.0000, 1.5000, 1.0000], device='cuda:0') dataset:cifar10 MAP:[0.7858680691942572, 0.7902184674777091, 0.7969592546075582] Best MAP: [0.80045318 0.80765434 0.81688717]
2024-03-04 19:15:38,944 - root - INFO - Sequential epoch:14 h_weight:tensor([2.0000, 1.5000, 1.0000], device='cuda:0') dataset:cifar10 MAP:[0.7931233674548567, 0.7974605489186942, 0.8026239842288196] Best MAP: [0.80045318 0.80765434 0.81688717]
2024-03-04 19:16:29,738 - root - INFO - Sequential epoch:16 h_weight:tensor([2.0000, 1.5000, 1.0000], device='cuda:0') dataset:cifar10 MAP:[0.7895569340474904, 0.793989540990442, 0.7990933602042496] Best MAP: [0.80045318 0.80765434 0.81688717]
2024-03-04 19:20:20,405 - root - INFO - Sequential epoch:2 h_weight:tensor([2.0000, 1.5000, 1.0000], device='cuda:0') dataset:cifar10 MAP:[0.6308075957894326, 0.6520175966322422, 0.6580536147914827] Best MAP: [0.6308076  0.6520176  0.65805361]
2024-03-04 19:21:17,255 - root - INFO - Sequential epoch:4 h_weight:tensor([2.0000, 1.5000, 1.0000], device='cuda:0') dataset:cifar10 MAP:[0.7951306829191744, 0.8037349615618586, 0.8224465816468001] Best MAP: [0.79513068 0.80373496 0.82244658]
2024-03-04 19:35:50,694 - root - INFO - Sequential epoch:2 h_weight:tensor([2.0000, 1.5000, 1.0000], device='cuda:0') dataset:cifar10 MAP:[0.6458567479848861, 0.6619361584596336, 0.6640913393683732] Best MAP: [0.64585675 0.66193616 0.66409134]
2024-03-04 19:36:48,771 - root - INFO - Sequential epoch:4 h_weight:tensor([2.0000, 1.5000, 1.0000], device='cuda:0') dataset:cifar10 MAP:[0.7819703758768737, 0.7943561354763806, 0.8133821971714497] Best MAP: [0.78197038 0.79435614 0.8133822 ]
2024-03-04 19:37:48,810 - root - INFO - Sequential epoch:6 h_weight:tensor([2.0000, 1.5000, 1.0000], device='cuda:0') dataset:cifar10 MAP:[0.7937320712991058, 0.8018456207551062, 0.8140915219224989] Best MAP: [0.79373207 0.80184562 0.81409152]
2024-03-04 19:40:15,031 - root - INFO - Sequential epoch:2 h_weight:tensor([2.0000, 1.5000, 1.0000], device='cuda:0') dataset:cifar10 MAP:[0.6155358636602759, 0.6281004132330418, 0.6281929801255465] Best MAP: [0.61553586 0.62810041 0.62819298]
2024-03-04 19:41:15,283 - root - INFO - Sequential epoch:4 h_weight:tensor([2.0000, 1.5000, 1.0000], device='cuda:0') dataset:cifar10 MAP:[0.787719942599535, 0.8001890062279999, 0.8163913396969438] Best MAP: [0.78771994 0.80018901 0.81639134]
2024-03-04 19:42:59,175 - root - INFO - Sequential epoch:2 h_weight:tensor([2.0000, 1.5000, 1.0000], device='cuda:0') dataset:cifar10 MAP:[0.6363808548822999, 0.6581985808983445, 0.6663493020236492] Best MAP: [0.63638085 0.65819858 0.6663493 ]
2024-03-04 19:43:57,023 - root - INFO - Sequential epoch:4 h_weight:tensor([2.0000, 1.5000, 1.0000], device='cuda:0') dataset:cifar10 MAP:[0.7777725236713886, 0.7924883743897081, 0.8133364849872887] Best MAP: [0.77777252 0.79248837 0.81333648]
2024-03-04 19:44:56,104 - root - INFO - Sequential epoch:6 h_weight:tensor([2.0000, 1.5000, 1.0000], device='cuda:0') dataset:cifar10 MAP:[0.8049920709766447, 0.8130201293118298, 0.8251457668580114] Best MAP: [0.80499207 0.81302013 0.82514577]
2024-03-04 19:45:53,987 - root - INFO - Sequential epoch:8 h_weight:tensor([2.0000, 1.5000, 1.0000], device='cuda:0') dataset:cifar10 MAP:[0.793949135195464, 0.7994713509865106, 0.8084776652902365] Best MAP: [0.80499207 0.81302013 0.82514577]
2024-03-04 19:46:54,066 - root - INFO - Sequential epoch:10 h_weight:tensor([2.0000, 1.5000, 1.0000], device='cuda:0') dataset:cifar10 MAP:[0.7823392355218529, 0.7867273877486587, 0.7940774508193136] Best MAP: [0.80499207 0.81302013 0.82514577]
2024-03-04 19:47:51,863 - root - INFO - Sequential epoch:12 h_weight:tensor([2.0000, 1.5000, 1.0000], device='cuda:0') dataset:cifar10 MAP:[0.7914097050875425, 0.794211404774338, 0.8001257503591478] Best MAP: [0.80499207 0.81302013 0.82514577]
2024-03-04 19:48:50,067 - root - INFO - Sequential epoch:14 h_weight:tensor([2.0000, 1.5000, 1.0000], device='cuda:0') dataset:cifar10 MAP:[0.7889395835250617, 0.7924762281179428, 0.7982119083888829] Best MAP: [0.80499207 0.81302013 0.82514577]
2024-03-06 20:32:57,560 - root - INFO - Sequential epoch:4 h_weight:tensor([2.0000, 1.5000, 1.0000], device='cuda:2') dataset:cifar10 MAP:[0.6352059620134533, 0.7602709657251835, 0.7736107779741287, 0.7846145625449717, 0.7911399945802987, 0.795863903965801] Best MAP: [0.63520596 0.76027097 0.77361078 0.78461456 0.79113999 0.7958639 ]
2024-03-06 20:36:30,427 - root - INFO - Sequential epoch:8 h_weight:tensor([2.0000, 1.5000, 1.0000], device='cuda:2') dataset:cifar10 MAP:[0.6557699435912072, 0.767341183938086, 0.7713860278502107, 0.7769120149351656, 0.7809939475134015, 0.7833357271999121] Best MAP: [0.65576994 0.76734118 0.77361078 0.78461456 0.79113999 0.7958639 ]
2024-03-06 20:39:58,421 - root - INFO - Sequential epoch:12 h_weight:tensor([2.0000, 1.5000, 1.0000], device='cuda:2') dataset:cifar10 MAP:[0.6727473453581333, 0.781176427807659, 0.7853786625042558, 0.7880511671938002, 0.7896871956028044, 0.7916098032407463] Best MAP: [0.67274735 0.78117643 0.78537866 0.78805117 0.79113999 0.7958639 ]
2024-03-06 20:43:20,288 - root - INFO - Sequential epoch:16 h_weight:tensor([2.0000, 1.5000, 1.0000], device='cuda:2') dataset:cifar10 MAP:[0.6660069969929755, 0.7737740474641324, 0.7769530109874904, 0.7798462485782802, 0.7835072809942066, 0.7853005562461912] Best MAP: [0.67274735 0.78117643 0.78537866 0.78805117 0.79113999 0.7958639 ]
2024-03-06 20:46:38,645 - root - INFO - Sequential epoch:20 h_weight:tensor([2.0000, 1.5000, 1.0000], device='cuda:2') dataset:cifar10 MAP:[0.6699800810404122, 0.7780041079483926, 0.7807979935593903, 0.7831878191716969, 0.7860265494473279, 0.7875297457650304] Best MAP: [0.67274735 0.78117643 0.78537866 0.78805117 0.79113999 0.7958639 ]
2024-03-06 20:49:59,530 - root - INFO - Sequential epoch:24 h_weight:tensor([2.0000, 1.5000, 1.0000], device='cuda:2') dataset:cifar10 MAP:[0.6683436829484999, 0.7791254285685718, 0.7824784874804318, 0.7835154791474342, 0.7871993631459773, 0.7884189963787794] Best MAP: [0.67274735 0.78117643 0.78537866 0.78805117 0.79113999 0.7958639 ]
2024-03-06 20:53:18,622 - root - INFO - Sequential epoch:2 h_weight:tensor([2.0000, 1.5000, 1.0000], device='cuda:2') dataset:cifar10 MAP:[0.42918551626801493, 0.5218306523896754, 0.5580269881337881, 0.5977845967523754, 0.6171426062211395, 0.6224450627490878] Best MAP: [0.42918552 0.52183065 0.55802699 0.5977846  0.61714261 0.62244506]
2024-03-06 20:55:19,710 - root - INFO - Sequential epoch:4 h_weight:tensor([2.0000, 1.5000, 1.0000], device='cuda:2') dataset:cifar10 MAP:[0.6267770168744028, 0.7508134808503091, 0.7693054205477238, 0.7797476179152727, 0.7858651454932988, 0.7896153324358165] Best MAP: [0.62677702 0.75081348 0.76930542 0.77974762 0.78586515 0.78961533]
2024-03-06 21:00:44,826 - root - INFO - Sequential epoch:4 h_weight:tensor([2.0000, 1.5000, 1.0000], device='cuda:2') dataset:cifar10 MAP:[0.6229820261709392, 0.752675349291414, 0.7660508631877602, 0.7725594241470098, 0.7784458019062876, 0.7804808064326644] Best MAP: [0.62298203 0.75267535 0.76605086 0.77255942 0.7784458  0.78048081]
2024-03-06 21:04:04,580 - root - INFO - Sequential epoch:8 h_weight:tensor([2.0000, 1.5000, 1.0000], device='cuda:2') dataset:cifar10 MAP:[0.6727315200977028, 0.7773859022408723, 0.7838693308383227, 0.7880327651239931, 0.7922109300121665, 0.794068438898772] Best MAP: [0.67273152 0.7773859  0.78386933 0.78803277 0.79221093 0.79406844]
2024-03-06 21:07:44,317 - root - INFO - Sequential epoch:12 h_weight:tensor([2.0000, 1.5000, 1.0000], device='cuda:2') dataset:cifar10 MAP:[0.6558435094319284, 0.7644970969147981, 0.7684282006286085, 0.7713687299415469, 0.7739109019003808, 0.7761815010644495] Best MAP: [0.67273152 0.7773859  0.78386933 0.78803277 0.79221093 0.79406844]
2024-03-08 11:12:06,678 - root - INFO - Sequential epoch:2 h_weight:tensor([2.0000, 1.5000, 1.0000], device='cuda:1') dataset:cifar10 MAP:[0.1296706589832902, 0.13367898305878043, 0.143600288502872, 0.16855913200229405, 0.1988573759198189, 0.22586991616338492] Best MAP: [0.12967066 0.13367898 0.14360029 0.16855913 0.19885738 0.22586992]
2024-03-08 11:15:34,718 - root - INFO - Sequential epoch:4 h_weight:tensor([2.0000, 1.5000, 1.0000], device='cuda:1') dataset:cifar10 MAP:[0.15463541715592147, 0.15413694585859775, 0.18491630800813436, 0.22116008750349284, 0.27427354793250563, 0.3046272222660482] Best MAP: [0.15463542 0.15413695 0.18491631 0.22116009 0.27427355 0.30462722]
2024-03-08 11:18:36,682 - root - INFO - Sequential epoch:8 h_weight:tensor([2.0000, 1.5000, 1.0000], device='cuda:1') dataset:cifar10 MAP:[0.309654368840158, 0.3124128233715892, 0.37509284349903466, 0.43181406071409584, 0.46942850602418185, 0.4900650802217424] Best MAP: [0.30965437 0.31241282 0.37509284 0.43181406 0.46942851 0.49006508]
2024-03-08 11:21:38,567 - root - INFO - Sequential epoch:12 h_weight:tensor([2.0000, 1.5000, 1.0000], device='cuda:1') dataset:cifar10 MAP:[0.4358685207590461, 0.5257027800120413, 0.5663141622319817, 0.5892857254073024, 0.6046538852639496, 0.6115708916559816] Best MAP: [0.43586852 0.52570278 0.56631416 0.58928573 0.60465389 0.61157089]
2024-03-08 11:24:39,806 - root - INFO - Sequential epoch:16 h_weight:tensor([2.0000, 1.5000, 1.0000], device='cuda:1') dataset:cifar10 MAP:[0.5204258835464716, 0.6531974092312157, 0.6721191045902669, 0.6837211738787592, 0.6925257518403232, 0.6972020918950439] Best MAP: [0.52042588 0.65319741 0.6721191  0.68372117 0.69252575 0.69720209]
2024-03-08 11:27:41,535 - root - INFO - Sequential epoch:20 h_weight:tensor([2.0000, 1.5000, 1.0000], device='cuda:1') dataset:cifar10 MAP:[0.6103401257134974, 0.7364418355040252, 0.7458419557325542, 0.7506350933685899, 0.7544944719932973, 0.7576202261708677] Best MAP: [0.61034013 0.73644184 0.74584196 0.75063509 0.75449447 0.75762023]
2024-03-08 11:30:42,929 - root - INFO - Sequential epoch:24 h_weight:tensor([2.0000, 1.5000, 1.0000], device='cuda:1') dataset:cifar10 MAP:[0.6398988439477981, 0.7537004861347377, 0.7579735378958284, 0.7602265935577452, 0.7632338241934776, 0.7659082964286208] Best MAP: [0.63989884 0.75370049 0.75797354 0.76022659 0.76323382 0.7659083 ]
2024-03-08 11:33:44,721 - root - INFO - Sequential epoch:28 h_weight:tensor([2.0000, 1.5000, 1.0000], device='cuda:1') dataset:cifar10 MAP:[0.6217001729235053, 0.736150513228029, 0.7384606320150197, 0.7410230935439468, 0.7422276917025447, 0.7433805526681244] Best MAP: [0.63989884 0.75370049 0.75797354 0.76022659 0.76323382 0.7659083 ]
2024-03-08 11:36:45,446 - root - INFO - Sequential epoch:32 h_weight:tensor([2.0000, 1.5000, 1.0000], device='cuda:1') dataset:cifar10 MAP:[0.6073294567391276, 0.7124135173149407, 0.7141620769798755, 0.7158697178550064, 0.7164817298538982, 0.7174266856759787] Best MAP: [0.63989884 0.75370049 0.75797354 0.76022659 0.76323382 0.7659083 ]
2024-03-08 11:39:46,350 - root - INFO - Sequential epoch:36 h_weight:tensor([2.0000, 1.5000, 1.0000], device='cuda:1') dataset:cifar10 MAP:[0.5920472817271948, 0.6938657479248941, 0.695801644332707, 0.6975621367804706, 0.6982821744307876, 0.6992216630168259] Best MAP: [0.63989884 0.75370049 0.75797354 0.76022659 0.76323382 0.7659083 ]
2024-03-08 11:44:20,656 - root - INFO - Sequential epoch:4 h_weight:tensor([2.0000, 1.5000, 1.0000], device='cuda:1') dataset:cifar10 MAP:[0.6106222206987441, 0.7575121439509094, 0.7696903014853597, 0.7825778198987245, 0.79055195350945, 0.7971903639957308] Best MAP: [0.61062222 0.75751214 0.7696903  0.78257782 0.79055195 0.79719036]
2024-03-08 11:47:17,258 - root - INFO - Sequential epoch:8 h_weight:tensor([2.0000, 1.5000, 1.0000], device='cuda:1') dataset:cifar10 MAP:[0.6686113487929106, 0.7902293503805995, 0.7972849672436714, 0.8032579100579024, 0.8063320867344737, 0.8084154045321047] Best MAP: [0.66861135 0.79022935 0.79728497 0.80325791 0.80633209 0.8084154 ]
2024-03-08 11:50:14,016 - root - INFO - Sequential epoch:12 h_weight:tensor([2.0000, 1.5000, 1.0000], device='cuda:1') dataset:cifar10 MAP:[0.6651355872489512, 0.7831123199015856, 0.7887328682057559, 0.7927208414152265, 0.795372197367251, 0.7978336292468011] Best MAP: [0.66861135 0.79022935 0.79728497 0.80325791 0.80633209 0.8084154 ]
2024-03-08 11:53:12,740 - root - INFO - Sequential epoch:16 h_weight:tensor([2.0000, 1.5000, 1.0000], device='cuda:1') dataset:cifar10 MAP:[0.6711196999326349, 0.7836886949725449, 0.7868606744408607, 0.7893615861088038, 0.7905277044326067, 0.7915147675313056] Best MAP: [0.6711197  0.79022935 0.79728497 0.80325791 0.80633209 0.8084154 ]
2024-03-08 11:56:10,394 - root - INFO - Sequential epoch:20 h_weight:tensor([2.0000, 1.5000, 1.0000], device='cuda:1') dataset:cifar10 MAP:[0.6706937042288482, 0.7849002258665859, 0.7882845189608634, 0.7901970255374908, 0.7918876915983856, 0.7934005315750837] Best MAP: [0.6711197  0.79022935 0.79728497 0.80325791 0.80633209 0.8084154 ]
2024-03-08 11:59:06,491 - root - INFO - Sequential epoch:24 h_weight:tensor([2.0000, 1.5000, 1.0000], device='cuda:1') dataset:cifar10 MAP:[0.668451670050621, 0.7792026176601649, 0.7819857397079468, 0.7843141468465328, 0.7859534785449505, 0.7865427327081561] Best MAP: [0.6711197  0.79022935 0.79728497 0.80325791 0.80633209 0.8084154 ]
2024-03-08 12:02:03,877 - root - INFO - Sequential epoch:28 h_weight:tensor([2.0000, 1.5000, 1.0000], device='cuda:1') dataset:cifar10 MAP:[0.6654858486168087, 0.7702141893021762, 0.7717489740513265, 0.7737028044313192, 0.7754681817740202, 0.7766106121614575] Best MAP: [0.6711197  0.79022935 0.79728497 0.80325791 0.80633209 0.8084154 ]
2024-03-08 12:05:00,297 - root - INFO - Sequential epoch:32 h_weight:tensor([2.0000, 1.5000, 1.0000], device='cuda:1') dataset:cifar10 MAP:[0.6675944674275816, 0.7793271788842976, 0.7823338181450963, 0.7842658993899823, 0.7848653078489005, 0.7863765783943236] Best MAP: [0.6711197  0.79022935 0.79728497 0.80325791 0.80633209 0.8084154 ]
