2024-03-11 22:51:03,200 - root - INFO - Sequential epoch:4 dataset:cifar10 MAP:[0.20547707107290625, 0.2392883616425097, 0.26376795912906525, 0.29351841907575726, 0.31168751894682645] Best MAP: [0.20547707 0.23928836 0.26376796 0.29351842 0.31168752]
2024-03-11 22:53:05,653 - root - INFO - Sequential epoch:8 dataset:cifar10 MAP:[0.28990814280509947, 0.35944595993310213, 0.4144972735755146, 0.44331623666733505, 0.4512091115564108] Best MAP: [0.28990814 0.35944596 0.41449727 0.44331624 0.45120911]
2024-03-11 22:55:08,020 - root - INFO - Sequential epoch:12 dataset:cifar10 MAP:[0.338165496814996, 0.43099181867390873, 0.5140365226380527, 0.5409697455763817, 0.5488118651248515] Best MAP: [0.3381655  0.43099182 0.51403652 0.54096975 0.54881187]
2024-03-11 22:57:10,394 - root - INFO - Sequential epoch:16 dataset:cifar10 MAP:[0.3880629412382841, 0.4772181028649211, 0.5654278550371528, 0.5938949030116201, 0.6035390450507403] Best MAP: [0.38806294 0.4772181  0.56542786 0.5938949  0.60353905]
2024-03-11 22:59:12,291 - root - INFO - Sequential epoch:20 dataset:cifar10 MAP:[0.4129695801325142, 0.5070046885386109, 0.6099172001928092, 0.6323905785642564, 0.6437691743001341] Best MAP: [0.41296958 0.50700469 0.6099172  0.63239058 0.64376917]
2024-03-11 23:01:15,206 - root - INFO - Sequential epoch:24 dataset:cifar10 MAP:[0.4381613165289164, 0.5354317648522556, 0.6299848955124616, 0.6639801133535802, 0.6757910431213677] Best MAP: [0.43816132 0.53543176 0.6299849  0.66398011 0.67579104]
2024-03-11 23:03:17,623 - root - INFO - Sequential epoch:28 dataset:cifar10 MAP:[0.4414594486616552, 0.5426552755907178, 0.6389766169860959, 0.6704693619981408, 0.6810281238555909] Best MAP: [0.44145945 0.54265528 0.63897662 0.67046936 0.68102812]
2024-03-11 23:05:20,953 - root - INFO - Sequential epoch:32 dataset:cifar10 MAP:[0.4834029752202332, 0.5915856296978891, 0.6848390289619565, 0.7141970742456615, 0.7240214200094343] Best MAP: [0.48340298 0.59158563 0.68483903 0.71419707 0.72402142]
2024-03-11 23:07:24,804 - root - INFO - Sequential epoch:36 dataset:cifar10 MAP:[0.48360111854597926, 0.5949375471957028, 0.681219242811203, 0.7052279099412262, 0.7145553552061319] Best MAP: [0.48360112 0.59493755 0.68483903 0.71419707 0.72402142]
2024-03-11 23:09:28,249 - root - INFO - Sequential epoch:40 dataset:cifar10 MAP:[0.4955771568454802, 0.6143744987174868, 0.7080271045155824, 0.7383389688655734, 0.7482419243678451] Best MAP: [0.49557716 0.6143745  0.7080271  0.73833897 0.74824192]
2024-03-11 23:11:31,406 - root - INFO - Sequential epoch:44 dataset:cifar10 MAP:[0.5017035521008074, 0.6208968547694385, 0.7077029526010156, 0.7334152923449874, 0.7444960097782314] Best MAP: [0.50170355 0.62089685 0.7080271  0.73833897 0.74824192]
2024-03-11 23:13:35,062 - root - INFO - Sequential epoch:48 dataset:cifar10 MAP:[0.5023206267133355, 0.6202775415331125, 0.7086941062957048, 0.7347080500945449, 0.7450830438137055] Best MAP: [0.50232063 0.62089685 0.70869411 0.73833897 0.74824192]
2024-03-11 23:15:38,319 - root - INFO - Sequential epoch:52 dataset:cifar10 MAP:[0.5118697288520634, 0.6422666291370988, 0.733639826092869, 0.7567893678098917, 0.7686549233868718] Best MAP: [0.51186973 0.64226663 0.73363983 0.75678937 0.76865492]
2024-03-11 23:17:39,984 - root - INFO - Sequential epoch:56 dataset:cifar10 MAP:[0.5437165405489505, 0.6739287032037974, 0.7596481214873493, 0.778205285742879, 0.7876099544614553] Best MAP: [0.54371654 0.6739287  0.75964812 0.77820529 0.78760995]
2024-03-11 23:19:43,632 - root - INFO - Sequential epoch:60 dataset:cifar10 MAP:[0.5445329626239837, 0.6529204421788454, 0.7284221454523504, 0.7491404095590115, 0.7611559261754155] Best MAP: [0.54453296 0.6739287  0.75964812 0.77820529 0.78760995]
2024-03-11 23:21:46,171 - root - INFO - Sequential epoch:64 dataset:cifar10 MAP:[0.5437765805236995, 0.6612370334640145, 0.7425886359401047, 0.7627558829076588, 0.7759798163622618] Best MAP: [0.54453296 0.6739287  0.75964812 0.77820529 0.78760995]
2024-03-11 23:23:47,855 - root - INFO - Sequential epoch:68 dataset:cifar10 MAP:[0.5810413413643837, 0.6833080031499267, 0.7579029808603227, 0.7772930155470967, 0.7854193406105041] Best MAP: [0.58104134 0.683308   0.75964812 0.77820529 0.78760995]
2024-03-11 23:25:50,382 - root - INFO - Sequential epoch:72 dataset:cifar10 MAP:[0.5572222950905561, 0.6744178465865552, 0.7510429385192692, 0.7735607463791967, 0.7832354854792356] Best MAP: [0.58104134 0.683308   0.75964812 0.77820529 0.78760995]
2024-03-11 23:27:51,806 - root - INFO - Sequential epoch:76 dataset:cifar10 MAP:[0.5409288909733295, 0.6613968867696822, 0.7428349215611816, 0.7634179928861559, 0.7753924008980393] Best MAP: [0.58104134 0.683308   0.75964812 0.77820529 0.78760995]
2024-03-11 23:29:53,735 - root - INFO - Sequential epoch:80 dataset:cifar10 MAP:[0.5803733168169856, 0.6957200123369693, 0.7685801298953593, 0.7860410417057574, 0.7982394510656595] Best MAP: [0.58104134 0.69572001 0.76858013 0.78604104 0.79823945]
2024-03-11 23:31:55,030 - root - INFO - Sequential epoch:84 dataset:cifar10 MAP:[0.5541918708756566, 0.6710152122639119, 0.7436904918439686, 0.7629656229764223, 0.7724521434158087] Best MAP: [0.58104134 0.69572001 0.76858013 0.78604104 0.79823945]
2024-03-11 23:33:55,726 - root - INFO - Sequential epoch:88 dataset:cifar10 MAP:[0.5755230564475059, 0.6986382606513798, 0.7743686598539352, 0.7920321769565344, 0.8001618362367153] Best MAP: [0.58104134 0.69863826 0.77436866 0.79203218 0.80016184]
2024-03-11 23:35:57,213 - root - INFO - Sequential epoch:92 dataset:cifar10 MAP:[0.572771899241954, 0.6979483106434345, 0.7707743413224817, 0.7864902762398124, 0.794598094381392] Best MAP: [0.58104134 0.69863826 0.77436866 0.79203218 0.80016184]
2024-03-11 23:37:58,186 - root - INFO - Sequential epoch:96 dataset:cifar10 MAP:[0.5836195439212024, 0.6994292165264487, 0.7648160383813083, 0.7812334805205464, 0.792809167470783] Best MAP: [0.58361954 0.69942922 0.77436866 0.79203218 0.80016184]
2024-03-11 23:39:59,665 - root - INFO - Sequential epoch:100 dataset:cifar10 MAP:[0.5962367109507323, 0.7169978228248656, 0.7840867271795869, 0.7976866872422397, 0.8080243792310358] Best MAP: [0.59623671 0.71699782 0.78408673 0.79768669 0.80802438]
2024-03-11 23:42:01,300 - root - INFO - Sequential epoch:104 dataset:cifar10 MAP:[0.5670990020036697, 0.6936618125401437, 0.7648228230774403, 0.7829194849282504, 0.7951879843696952] Best MAP: [0.59623671 0.71699782 0.78408673 0.79768669 0.80802438]
2024-03-11 23:44:02,074 - root - INFO - Sequential epoch:108 dataset:cifar10 MAP:[0.5959412766583264, 0.7059107694514096, 0.773881077721715, 0.7916109373718501, 0.7991480760425329] Best MAP: [0.59623671 0.71699782 0.78408673 0.79768669 0.80802438]
2024-03-11 23:46:02,793 - root - INFO - Sequential epoch:112 dataset:cifar10 MAP:[0.5868610526360571, 0.6989911518245936, 0.7687805021367967, 0.7871873081028461, 0.7949797321707011] Best MAP: [0.59623671 0.71699782 0.78408673 0.79768669 0.80802438]
2024-03-11 23:48:03,893 - root - INFO - Sequential epoch:116 dataset:cifar10 MAP:[0.6069599074907601, 0.7193717857599259, 0.7807143867760896, 0.7969908496066928, 0.8051728809997439] Best MAP: [0.60695991 0.71937179 0.78408673 0.79768669 0.80802438]
2024-03-11 23:50:04,648 - root - INFO - Sequential epoch:120 dataset:cifar10 MAP:[0.5940528961606324, 0.7077945091947914, 0.7828725840672851, 0.7960102099105716, 0.8057491438984871] Best MAP: [0.60695991 0.71937179 0.78408673 0.79768669 0.80802438]
2024-03-11 23:52:05,326 - root - INFO - Sequential epoch:124 dataset:cifar10 MAP:[0.5782684512734413, 0.6874430153891444, 0.7537616561353206, 0.7694983550570905, 0.7778054994344711] Best MAP: [0.60695991 0.71937179 0.78408673 0.79768669 0.80802438]
2024-03-11 23:54:07,227 - root - INFO - Sequential epoch:128 dataset:cifar10 MAP:[0.6098944040723145, 0.7180864928029478, 0.7838190986514092, 0.7962155920006335, 0.8050932815372944] Best MAP: [0.6098944  0.71937179 0.78408673 0.79768669 0.80802438]
2024-03-11 23:56:09,012 - root - INFO - Sequential epoch:132 dataset:cifar10 MAP:[0.6042504350356758, 0.7203008383400739, 0.7862519559152424, 0.7995726372376084, 0.8092242995388805] Best MAP: [0.6098944  0.72030084 0.78625196 0.79957264 0.8092243 ]
2024-03-11 23:58:10,848 - root - INFO - Sequential epoch:136 dataset:cifar10 MAP:[0.6001855102032423, 0.7158305216729641, 0.7804723812043667, 0.7964214702323079, 0.8052785873562097] Best MAP: [0.6098944  0.72030084 0.78625196 0.79957264 0.8092243 ]
2024-03-12 00:00:12,340 - root - INFO - Sequential epoch:140 dataset:cifar10 MAP:[0.6235126226358115, 0.7284663854166865, 0.7889582204781472, 0.8060178002491594, 0.8126368995159864] Best MAP: [0.62351262 0.72846639 0.78895822 0.8060178  0.8126369 ]
2024-03-12 00:02:14,095 - root - INFO - Sequential epoch:144 dataset:cifar10 MAP:[0.6189943629428745, 0.725113509900868, 0.7748085953406989, 0.7895797597058117, 0.7971567651107907] Best MAP: [0.62351262 0.72846639 0.78895822 0.8060178  0.8126369 ]
2024-03-12 00:04:15,679 - root - INFO - Sequential epoch:148 dataset:cifar10 MAP:[0.6122018415778875, 0.728264308359474, 0.7884966676048935, 0.8031341242827476, 0.8121466149091721] Best MAP: [0.62351262 0.72846639 0.78895822 0.8060178  0.8126369 ]
2024-03-12 00:06:17,920 - root - INFO - Sequential epoch:152 dataset:cifar10 MAP:[0.5889047833532095, 0.6976371451430022, 0.7588571277745068, 0.7754709496796132, 0.7866146612986922] Best MAP: [0.62351262 0.72846639 0.78895822 0.8060178  0.8126369 ]
2024-03-12 00:08:19,597 - root - INFO - Sequential epoch:156 dataset:cifar10 MAP:[0.6071245874315501, 0.7168945813886821, 0.7693221762441099, 0.784783888798207, 0.7944553966596722] Best MAP: [0.62351262 0.72846639 0.78895822 0.8060178  0.8126369 ]
