2024-03-12 08:28:58,145 - root - INFO - Sequential epoch:8 dataset:imagenet MAP:[0.258895886784792, 0.5004265143545111, 0.6514664103378541, 0.7050943270993186, 0.7314388999502873] Best MAP: [0.25889589 0.50042651 0.65146641 0.70509433 0.7314389 ]
2024-03-12 08:41:16,121 - root - INFO - Sequential epoch:16 dataset:imagenet MAP:[0.31631253496597056, 0.5861312392728869, 0.7208063534506364, 0.7588702830433846, 0.7730328328023665] Best MAP: [0.31631253 0.58613124 0.72080635 0.75887028 0.77303283]
2024-03-12 08:53:25,084 - root - INFO - Sequential epoch:24 dataset:imagenet MAP:[0.3498258025872055, 0.625461673763604, 0.7476738499212312, 0.7829564638136886, 0.7946178001960041] Best MAP: [0.3498258  0.62546167 0.74767385 0.78295646 0.7946178 ]
2024-03-12 09:05:42,657 - root - INFO - Sequential epoch:32 dataset:imagenet MAP:[0.37066976499888116, 0.6558221910991473, 0.7694676516826032, 0.8005721062950557, 0.8109235303616616] Best MAP: [0.37066976 0.65582219 0.76946765 0.80057211 0.81092353]
2024-03-12 09:17:48,411 - root - INFO - Sequential epoch:40 dataset:imagenet MAP:[0.38813082733652554, 0.6680660061586415, 0.7744073343321215, 0.802064331064024, 0.8120827913789544] Best MAP: [0.38813083 0.66806601 0.77440733 0.80206433 0.81208279]
2024-03-12 09:29:58,185 - root - INFO - Sequential epoch:48 dataset:imagenet MAP:[0.3975809228652855, 0.6754664339099777, 0.7806220254121349, 0.8068899147947785, 0.8169286986684893] Best MAP: [0.39758092 0.67546643 0.78062203 0.80688991 0.8169287 ]
2024-03-12 09:42:03,262 - root - INFO - Sequential epoch:56 dataset:imagenet MAP:[0.3959503924994497, 0.6781575110333738, 0.7814739484795137, 0.8083446978584631, 0.820176503576478] Best MAP: [0.39758092 0.67815751 0.78147395 0.8083447  0.8201765 ]
2024-03-12 09:54:07,000 - root - INFO - Sequential epoch:64 dataset:imagenet MAP:[0.40610755884067623, 0.6954212968522683, 0.7930048934392864, 0.8177214895159705, 0.8289869388123974] Best MAP: [0.40610756 0.6954213  0.79300489 0.81772149 0.82898694]
2024-03-12 10:06:14,996 - root - INFO - Sequential epoch:72 dataset:imagenet MAP:[0.4348714672925882, 0.698557966139121, 0.7919837019537809, 0.8163163723170291, 0.8267637755487347] Best MAP: [0.43487147 0.69855797 0.79300489 0.81772149 0.82898694]
2024-03-12 10:18:32,744 - root - INFO - Sequential epoch:80 dataset:imagenet MAP:[0.4357408821723424, 0.6988609417786124, 0.7919859331413638, 0.816434180754493, 0.8256943883615778] Best MAP: [0.43574088 0.69886094 0.79300489 0.81772149 0.82898694]
2024-03-12 10:30:40,987 - root - INFO - Sequential epoch:88 dataset:imagenet MAP:[0.4313989261256764, 0.7066689147235826, 0.7968549719301052, 0.8204215897373157, 0.8300672110176412] Best MAP: [0.43574088 0.70666891 0.79685497 0.82042159 0.83006721]
2024-03-12 10:42:44,335 - root - INFO - Sequential epoch:96 dataset:imagenet MAP:[0.4328842115465319, 0.7071260273963912, 0.7966694472643546, 0.8185469150623074, 0.8278149888454471] Best MAP: [0.43574088 0.70712603 0.79685497 0.82042159 0.83006721]
2024-03-12 10:54:45,774 - root - INFO - Sequential epoch:104 dataset:imagenet MAP:[0.4324420391462743, 0.7126948555826675, 0.7970972341895802, 0.8170669188505272, 0.8273974220047007] Best MAP: [0.43574088 0.71269486 0.79709723 0.82042159 0.83006721]
2024-03-12 11:06:50,931 - root - INFO - Sequential epoch:112 dataset:imagenet MAP:[0.4401771789971972, 0.7061745942859212, 0.7933433878480224, 0.8149747436379315, 0.8259927311193431] Best MAP: [0.44017718 0.71269486 0.79709723 0.82042159 0.83006721]
2024-03-12 11:18:57,620 - root - INFO - Sequential epoch:120 dataset:imagenet MAP:[0.4363769924130058, 0.7153867405130295, 0.7986847827699733, 0.8186521190779517, 0.8288627941134852] Best MAP: [0.44017718 0.71538674 0.79868478 0.82042159 0.83006721]
2024-03-12 11:31:13,918 - root - INFO - Sequential epoch:128 dataset:imagenet MAP:[0.43703933057072575, 0.7146515085923485, 0.797139775686781, 0.8176799399953568, 0.8271647772728] Best MAP: [0.44017718 0.71538674 0.79868478 0.82042159 0.83006721]
2024-03-12 11:43:20,958 - root - INFO - Sequential epoch:136 dataset:imagenet MAP:[0.4348480290126987, 0.7092097138278652, 0.7964069520653924, 0.8164836946244352, 0.8253451117157238] Best MAP: [0.44017718 0.71538674 0.79868478 0.82042159 0.83006721]
2024-03-12 11:55:22,771 - root - INFO - Sequential epoch:144 dataset:imagenet MAP:[0.4420453053180361, 0.7079986142896815, 0.7931849993668264, 0.8131794685564935, 0.8235041679610964] Best MAP: [0.44204531 0.71538674 0.79868478 0.82042159 0.83006721]
2024-03-12 12:07:24,913 - root - INFO - Sequential epoch:152 dataset:imagenet MAP:[0.43725914975488556, 0.7153973680689233, 0.8008776705424301, 0.8224186397942947, 0.8312708054879214] Best MAP: [0.44204531 0.71539737 0.80087767 0.82241864 0.83127081]
2024-03-12 12:19:38,453 - root - INFO - Sequential epoch:160 dataset:imagenet MAP:[0.4427028644456761, 0.7032722350911703, 0.7883951048637274, 0.8106920160108712, 0.819542019007448] Best MAP: [0.44270286 0.71539737 0.80087767 0.82241864 0.83127081]
2024-03-12 12:31:48,573 - root - INFO - Sequential epoch:168 dataset:imagenet MAP:[0.43883936657661105, 0.7085686213739681, 0.7898839317958104, 0.8109562757352134, 0.8202536440402269] Best MAP: [0.44270286 0.71539737 0.80087767 0.82241864 0.83127081]
2024-03-12 12:43:47,643 - root - INFO - Sequential epoch:176 dataset:imagenet MAP:[0.4485493992373347, 0.7213089888413436, 0.7955154795825947, 0.8127119824042311, 0.8208969904785743] Best MAP: [0.4485494  0.72130899 0.80087767 0.82241864 0.83127081]
2024-03-12 12:56:04,353 - root - INFO - Sequential epoch:184 dataset:imagenet MAP:[0.4491516577846604, 0.7174621228455565, 0.791418516300316, 0.810670621893811, 0.8201639506227569] Best MAP: [0.44915166 0.72130899 0.80087767 0.82241864 0.83127081]
2024-03-12 13:08:09,323 - root - INFO - Sequential epoch:192 dataset:imagenet MAP:[0.44895272443555295, 0.7058595345571405, 0.7818775420997292, 0.8016557899726322, 0.8115682168170344] Best MAP: [0.44915166 0.72130899 0.80087767 0.82241864 0.83127081]
2024-03-12 13:20:10,744 - root - INFO - Sequential epoch:200 dataset:imagenet MAP:[0.4410873150419211, 0.6988920530853328, 0.780817014263384, 0.8016951363160042, 0.8117475203976268] Best MAP: [0.44915166 0.72130899 0.80087767 0.82241864 0.83127081]
2024-03-12 13:32:12,330 - root - INFO - Sequential epoch:208 dataset:imagenet MAP:[0.44038489550766535, 0.7130869980097981, 0.7936378330964362, 0.8128622623248725, 0.8206533629655139] Best MAP: [0.44915166 0.72130899 0.80087767 0.82241864 0.83127081]
2024-03-12 13:44:15,861 - root - INFO - Sequential epoch:216 dataset:imagenet MAP:[0.44086826425241304, 0.7095297922698083, 0.7841157612207346, 0.8038645530238049, 0.8122303279400105] Best MAP: [0.44915166 0.72130899 0.80087767 0.82241864 0.83127081]
