2024-03-12 00:10:43,187 - root - INFO - MoCo_RML epoch:4 dataset:cifar10 MAP:[0.5594546198919416, 0.6687376084290445, 0.7339869976341724, 0.7367069767564535, 0.749852477684617] Best MAP: [0.55945462 0.66873761 0.733987   0.73670698 0.74985248]
2024-03-12 00:12:47,473 - root - INFO - MoCo_RML epoch:8 dataset:cifar10 MAP:[0.6742741677649319, 0.7505637579411268, 0.7913437497764826, 0.7950652764067054, 0.8083912689760328] Best MAP: [0.67427417 0.75056376 0.79134375 0.79506528 0.80839127]
2024-03-12 00:14:51,989 - root - INFO - MoCo_RML epoch:12 dataset:cifar10 MAP:[0.692122780457139, 0.7598984941467642, 0.8043127648718655, 0.8098689029291272, 0.8195950255654753] Best MAP: [0.69212278 0.75989849 0.80431276 0.8098689  0.81959503]
2024-03-12 00:16:55,994 - root - INFO - MoCo_RML epoch:16 dataset:cifar10 MAP:[0.7043855439685285, 0.7737826058194042, 0.814614935182035, 0.8232633954137564, 0.8300977286212147] Best MAP: [0.70438554 0.77378261 0.81461494 0.8232634  0.83009773]
2024-03-12 00:19:00,530 - root - INFO - MoCo_RML epoch:20 dataset:cifar10 MAP:[0.7273113470040262, 0.7752326116487384, 0.8124341202974319, 0.8222913980968296, 0.8333169166743756] Best MAP: [0.72731135 0.77523261 0.81461494 0.8232634  0.83331692]
2024-03-12 00:21:04,963 - root - INFO - MoCo_RML epoch:24 dataset:cifar10 MAP:[0.7241416185833514, 0.7753445098996162, 0.814281055573374, 0.8270572121441364, 0.8400419976599515] Best MAP: [0.72731135 0.77534451 0.81461494 0.82705721 0.840042  ]
2024-03-12 00:23:09,192 - root - INFO - MoCo_RML epoch:28 dataset:cifar10 MAP:[0.7295083268843591, 0.7718716090135276, 0.8092307678312063, 0.8281296929866075, 0.8369291011616588] Best MAP: [0.72950833 0.77534451 0.81461494 0.82812969 0.840042  ]
2024-03-12 00:25:13,846 - root - INFO - MoCo_RML epoch:32 dataset:cifar10 MAP:[0.7281432598233223, 0.7677752187438309, 0.8059222212098539, 0.8215935616083443, 0.8323604841120541] Best MAP: [0.72950833 0.77534451 0.81461494 0.82812969 0.840042  ]
2024-03-12 00:27:18,937 - root - INFO - MoCo_RML epoch:36 dataset:cifar10 MAP:[0.7302127828896046, 0.7682090071029961, 0.8104081904254854, 0.8269961387515068, 0.834923698425293] Best MAP: [0.73021278 0.77534451 0.81461494 0.82812969 0.840042  ]
2024-03-12 00:29:23,217 - root - INFO - MoCo_RML epoch:40 dataset:cifar10 MAP:[0.7263166507221759, 0.766396356921643, 0.809181426230818, 0.8315928721390664, 0.8378749521933496] Best MAP: [0.73021278 0.77534451 0.81461494 0.83159287 0.840042  ]
2024-03-12 00:31:27,683 - root - INFO - MoCo_RML epoch:44 dataset:cifar10 MAP:[0.7193269014805556, 0.7675522236078978, 0.8055399417467415, 0.8252465129904449, 0.8329619637392461] Best MAP: [0.73021278 0.77534451 0.81461494 0.83159287 0.840042  ]
2024-03-12 00:33:32,741 - root - INFO - MoCo_RML epoch:48 dataset:cifar10 MAP:[0.7153912854157388, 0.7519502042271197, 0.7990239694342017, 0.8270539919063449, 0.8353750427253545] Best MAP: [0.73021278 0.77534451 0.81461494 0.83159287 0.840042  ]
2024-03-12 00:35:37,727 - root - INFO - MoCo_RML epoch:52 dataset:cifar10 MAP:[0.7256023577116429, 0.761865475025028, 0.8024740284979344, 0.828765417739749, 0.83778451481089] Best MAP: [0.73021278 0.77534451 0.81461494 0.83159287 0.840042  ]
2024-03-12 00:37:43,289 - root - INFO - MoCo_RML epoch:56 dataset:cifar10 MAP:[0.735091481268406, 0.7757049978524446, 0.8112787817381323, 0.8310786779485643, 0.8359119144864381] Best MAP: [0.73509148 0.775705   0.81461494 0.83159287 0.840042  ]
2024-03-12 00:39:47,986 - root - INFO - MoCo_RML epoch:60 dataset:cifar10 MAP:[0.7325101949572563, 0.7605454568192362, 0.8037462932020426, 0.8292032397054135, 0.8375566237270832] Best MAP: [0.73509148 0.775705   0.81461494 0.83159287 0.840042  ]
2024-03-12 00:41:52,317 - root - INFO - MoCo_RML epoch:64 dataset:cifar10 MAP:[0.7386608260385692, 0.7672834443375468, 0.8042036665938794, 0.8304962615594268, 0.8383385395519436] Best MAP: [0.73866083 0.775705   0.81461494 0.83159287 0.840042  ]
2024-03-12 00:43:56,850 - root - INFO - MoCo_RML epoch:68 dataset:cifar10 MAP:[0.727566083882004, 0.7638092546984553, 0.8008804800957441, 0.8286632608622313, 0.8350748358219862] Best MAP: [0.73866083 0.775705   0.81461494 0.83159287 0.840042  ]
2024-03-12 00:46:00,336 - root - INFO - MoCo_RML epoch:72 dataset:cifar10 MAP:[0.7338684607893229, 0.764983192525804, 0.8031332394555211, 0.8279081174656748, 0.8344870231449604] Best MAP: [0.73866083 0.775705   0.81461494 0.83159287 0.840042  ]
2024-03-12 00:48:04,786 - root - INFO - MoCo_RML epoch:76 dataset:cifar10 MAP:[0.7283240032419562, 0.7604618085511029, 0.797739459425211, 0.8242829840667546, 0.8343611863218248] Best MAP: [0.73866083 0.775705   0.81461494 0.83159287 0.840042  ]
2024-03-12 00:50:09,228 - root - INFO - MoCo_RML epoch:80 dataset:cifar10 MAP:[0.7370495864190161, 0.7629453857913613, 0.8011452870965003, 0.832936847385019, 0.840424829531461] Best MAP: [0.73866083 0.775705   0.81461494 0.83293685 0.84042483]
2024-03-12 00:52:13,313 - root - INFO - MoCo_RML epoch:84 dataset:cifar10 MAP:[0.7354967028796673, 0.7657425283789635, 0.801747616250068, 0.832486756503582, 0.840307385109365] Best MAP: [0.73866083 0.775705   0.81461494 0.83293685 0.84042483]
2024-03-12 00:54:17,718 - root - INFO - MoCo_RML epoch:88 dataset:cifar10 MAP:[0.7435287268236279, 0.7695079815238715, 0.8028091056793928, 0.8352829318270087, 0.8414881697408855] Best MAP: [0.74352873 0.775705   0.81461494 0.83528293 0.84148817]
2024-03-12 00:56:22,119 - root - INFO - MoCo_RML epoch:92 dataset:cifar10 MAP:[0.7245045161545277, 0.75775492182374, 0.7976130178384483, 0.8294659843556583, 0.8364815998338163] Best MAP: [0.74352873 0.775705   0.81461494 0.83528293 0.84148817]
2024-03-12 00:58:27,138 - root - INFO - MoCo_RML epoch:96 dataset:cifar10 MAP:[0.7405620353184641, 0.7693030692003667, 0.8075736718811095, 0.8384034612998367, 0.8459000450447202] Best MAP: [0.74352873 0.775705   0.81461494 0.83840346 0.84590005]
2024-03-12 01:00:31,527 - root - INFO - MoCo_RML epoch:100 dataset:cifar10 MAP:[0.7229467603079974, 0.756169398792088, 0.7959274761304259, 0.8327423567958177, 0.8412904244735837] Best MAP: [0.74352873 0.775705   0.81461494 0.83840346 0.84590005]
2024-03-12 01:02:35,578 - root - INFO - MoCo_RML epoch:104 dataset:cifar10 MAP:[0.72877514564991, 0.7634623037576675, 0.797603907417506, 0.8313894902206957, 0.8365632172115147] Best MAP: [0.74352873 0.775705   0.81461494 0.83840346 0.84590005]
2024-03-12 01:04:39,651 - root - INFO - MoCo_RML epoch:108 dataset:cifar10 MAP:[0.7110562989711762, 0.7410577446110547, 0.782344671189785, 0.8177282296642661, 0.8243894451446832] Best MAP: [0.74352873 0.775705   0.81461494 0.83840346 0.84590005]
2024-03-12 01:06:43,650 - root - INFO - MoCo_RML epoch:112 dataset:cifar10 MAP:[0.7261023811660707, 0.751411410998553, 0.7899625526443124, 0.8229518985450268, 0.8287548017986118] Best MAP: [0.74352873 0.775705   0.81461494 0.83840346 0.84590005]
